#! /c/Source/iverilog-install/bin/vvp
:ivl_version "12.0 (devel)" "(s20150603-1539-g2693dd32b)";
:ivl_delay_selection "TYPICAL";
:vpi_time_precision - 12;
:vpi_module "C:\iverilog\lib\ivl\system.vpi";
:vpi_module "C:\iverilog\lib\ivl\vhdl_sys.vpi";
:vpi_module "C:\iverilog\lib\ivl\vhdl_textio.vpi";
:vpi_module "C:\iverilog\lib\ivl\v2005_math.vpi";
:vpi_module "C:\iverilog\lib\ivl\va_math.vpi";
S_000002ba6ccebe50 .scope module, "tb_TrgMonData" "tb_TrgMonData" 2 4;
 .timescale -9 -12;
P_000002ba6cd31f00 .param/l "PERIOD" 0 2 7, +C4<00000000000000000000000000001010>;
v000002ba6cdec740_0 .var "busy_ab_sel_in", 15 0;
v000002ba6cdecd80_0 .var "busy_mask_in", 15 0;
v000002ba6cdecce0_0 .var "busy_monit_cnt_in", 15 0;
v000002ba6cdece20_0 .var "busy_monit_err_cnt_in", 15 0;
v000002ba6cdee180_0 .var "busy_monit_fix_sel_in", 15 0;
v000002ba6cdecec0_0 .var "clk_in", 0 0;
v000002ba6cdecf60_0 .var "cmd_reg_in", 15 0;
v000002ba6cdec920_0 .var "coincid_GM1_cnt_in", 15 0;
v000002ba6cdedfa0_0 .var "coincid_GM2_cnt_in", 15 0;
v000002ba6cdedb40_0 .var "coincid_MIP1_cnt_in", 15 0;
v000002ba6cdee0e0_0 .var "coincid_MIP2_cnt_in", 15 0;
v000002ba6cded000_0 .var "coincid_UBS_cnt_in", 31 0;
v000002ba6cdedc80_0 .var "coincid_trg_cnt_in", 15 0;
v000002ba6cded8c0_0 .var "config_received_in", 15 0;
v000002ba6cded500_0 .var "ctrl_reg_in", 15 0;
v000002ba6cded280_0 .var "cycled_trg_period_in", 15 0;
v000002ba6cdec7e0_0 .var "eff_trg_cnt_in", 15 0;
v000002ba6cded0a0_0 .var "ext_trg_cnt_in", 15 0;
v000002ba6cdedd20_0 .var "ext_trg_delay_in", 15 0;
v000002ba6cdedbe0_0 .var "hit_ab_sel_in", 15 0;
v000002ba6cdeddc0_0 .var "hit_mask_in", 15 0;
v000002ba6cded140_0 .var "hit_monit_cnt_0_in", 31 0;
v000002ba6cded820_0 .var "hit_monit_cnt_1_in", 31 0;
v000002ba6cdee400_0 .var "hit_monit_err_cnt_in", 15 0;
v000002ba6cdee220_0 .var "hit_monit_fix_sel_in", 15 0;
v000002ba6cdedf00_0 .var "hit_monit_sel_in", 15 0;
v000002ba6cded1e0_0 .var "hit_start_cnt_in", 15 0;
v000002ba6cdee040_0 .var "logic_match_cnt_in", 15 0;
v000002ba6cded6e0_0 .net "mon_data_out", 15 0, L_000002ba6cd7c0f0;  1 drivers
v000002ba6cdec880_0 .var "rd_addr_in", 7 0;
v000002ba6cdee2c0_0 .var "rd_in", 0 0;
v000002ba6cded460_0 .var "rst_in", 0 0;
v000002ba6cded780_0 .var "trg_dead_time_in", 15 0;
v000002ba6cded960_0 .var "trg_match_win_in", 15 0;
v000002ba6cdee360_0 .var "trg_mode_brst_in", 15 0;
v000002ba6cded5a0_0 .var "trg_mode_gm1_in", 15 0;
v000002ba6cded640_0 .var "trg_mode_gm2_in", 15 0;
v000002ba6cdee4a0_0 .var "trg_mode_mip1_in", 15 0;
v000002ba6cdeda00_0 .var "trg_mode_mip2_in", 15 0;
v000002ba6cdee540_0 .var "trg_mode_ubs_in", 15 0;
S_000002ba6cd66360 .scope module, "u_TrgMonData" "TrgMonData" 2 162, 3 13 0, S_000002ba6ccebe50;
 .timescale 0 0;
    .port_info 0 /INPUT 1 "clk_in";
    .port_info 1 /INPUT 1 "rst_in";
    .port_info 2 /INPUT 1 "rd_in";
    .port_info 3 /INPUT 8 "rd_addr_in";
    .port_info 4 /INPUT 16 "ctrl_reg_in";
    .port_info 5 /INPUT 16 "cmd_reg_in";
    .port_info 6 /INPUT 16 "trg_mode_mip1_in";
    .port_info 7 /INPUT 16 "trg_mode_mip2_in";
    .port_info 8 /INPUT 16 "trg_mode_gm1_in";
    .port_info 9 /INPUT 16 "trg_mode_gm2_in";
    .port_info 10 /INPUT 16 "trg_mode_ubs_in";
    .port_info 11 /INPUT 16 "trg_mode_brst_in";
    .port_info 12 /INPUT 16 "eff_trg_cnt_in";
    .port_info 13 /INPUT 16 "coincid_trg_cnt_in";
    .port_info 14 /INPUT 16 "hit_monit_fix_sel_in";
    .port_info 15 /INPUT 16 "hit_monit_sel_in";
    .port_info 16 /INPUT 16 "hit_monit_err_cnt_in";
    .port_info 17 /INPUT 16 "hit_start_cnt_in";
    .port_info 18 /INPUT 32 "hit_monit_cnt_0_in";
    .port_info 19 /INPUT 32 "hit_monit_cnt_1_in";
    .port_info 20 /INPUT 16 "busy_monit_fix_sel_in";
    .port_info 21 /INPUT 16 "busy_monit_err_cnt_in";
    .port_info 22 /INPUT 16 "busy_monit_cnt_in";
    .port_info 23 /INPUT 16 "coincid_MIP1_cnt_in";
    .port_info 24 /INPUT 16 "coincid_MIP2_cnt_in";
    .port_info 25 /INPUT 16 "coincid_GM1_cnt_in";
    .port_info 26 /INPUT 16 "coincid_GM2_cnt_in";
    .port_info 27 /INPUT 32 "coincid_UBS_cnt_in";
    .port_info 28 /INPUT 16 "logic_match_cnt_in";
    .port_info 29 /INPUT 16 "ext_trg_cnt_in";
    .port_info 30 /INPUT 16 "hit_ab_sel_in";
    .port_info 31 /INPUT 16 "busy_ab_sel_in";
    .port_info 32 /INPUT 16 "hit_mask_in";
    .port_info 33 /INPUT 16 "busy_mask_in";
    .port_info 34 /INPUT 16 "trg_match_win_in";
    .port_info 35 /INPUT 16 "trg_dead_time_in";
    .port_info 36 /INPUT 16 "config_received_in";
    .port_info 37 /INPUT 16 "ext_trg_delay_in";
    .port_info 38 /INPUT 16 "cycled_trg_period_in";
    .port_info 39 /INPUT 8 "logic_grp_oe_in";
    .port_info 40 /OUTPUT 16 "mon_data_out";
L_000002ba6cd7c0f0 .functor BUFZ 16, v000002ba6cdebd60_0, C4<0000000000000000>, C4<0000000000000000>, C4<0000000000000000>;
v000002ba6cd03170_0 .net *"_ivl_1", 7 0, L_000002ba6cdec6a0;  1 drivers
v000002ba6cd34c80_0 .net *"_ivl_13", 7 0, L_000002ba6d1314d0;  1 drivers
v000002ba6cd02ef0_0 .net *"_ivl_15", 7 0, L_000002ba6d1319d0;  1 drivers
v000002ba6cd34aa0_0 .net *"_ivl_19", 9 0, L_000002ba6d131250;  1 drivers
v000002ba6cd34b40_0 .net *"_ivl_21", 5 0, L_000002ba6d131570;  1 drivers
v000002ba6cd5b910_0 .net *"_ivl_3", 7 0, L_000002ba6cdec9c0;  1 drivers
v000002ba6cd5b9b0_0 .net *"_ivl_7", 7 0, L_000002ba6d131390;  1 drivers
v000002ba6cd5ba50_0 .net *"_ivl_9", 7 0, L_000002ba6d1305d0;  1 drivers
v000002ba6cde9380_0 .net "busy_ab_sel_in", 15 0, v000002ba6cdec740_0;  1 drivers
v000002ba6cde9420_0 .net "busy_mask_in", 15 0, v000002ba6cdecd80_0;  1 drivers
v000002ba6cde9d80_0 .net "busy_monit_cnt_in", 15 0, v000002ba6cdecce0_0;  1 drivers
v000002ba6cde94c0_0 .var "busy_monit_cnt_in_r", 15 0;
v000002ba6cde9560_0 .net "busy_monit_err_cnt_in", 15 0, v000002ba6cdece20_0;  1 drivers
v000002ba6cde91a0_0 .var "busy_monit_err_cnt_in_r", 15 0;
v000002ba6cde9ce0_0 .net "busy_monit_fix_sel_in", 15 0, v000002ba6cdee180_0;  1 drivers
v000002ba6cde9e20_0 .var "busy_monit_fix_sel_in_r", 15 0;
v000002ba6cde99c0_0 .net "clk_in", 0 0, v000002ba6cdecec0_0;  1 drivers
v000002ba6cde9f60_0 .net "cmd_reg_in", 15 0, v000002ba6cdecf60_0;  1 drivers
v000002ba6cde9ec0_0 .net "coincid_GM1_cnt_in", 15 0, v000002ba6cdec920_0;  1 drivers
v000002ba6cde9060_0 .var "coincid_GM1_cnt_in_r", 15 0;
v000002ba6cde96a0_0 .net "coincid_GM2_cnt_in", 15 0, v000002ba6cdedfa0_0;  1 drivers
v000002ba6cde9ba0_0 .var "coincid_GM2_cnt_in_r", 15 0;
v000002ba6cde9b00_0 .net "coincid_MIP1_cnt_in", 15 0, v000002ba6cdedb40_0;  1 drivers
v000002ba6cde9920_0 .var "coincid_MIP1_cnt_in_r", 15 0;
v000002ba6cde9100_0 .net "coincid_MIP2_cnt_in", 15 0, v000002ba6cdee0e0_0;  1 drivers
v000002ba6cde9240_0 .var "coincid_MIP2_cnt_in_r", 15 0;
v000002ba6cde9600_0 .net "coincid_UBS_cnt_in", 31 0, v000002ba6cded000_0;  1 drivers
v000002ba6cde97e0_0 .var "coincid_UBS_cnt_in_r0", 15 0;
v000002ba6cde9c40_0 .var "coincid_UBS_cnt_in_r1", 15 0;
v000002ba6cde92e0_0 .net "coincid_trg_cnt_in", 15 0, v000002ba6cdedc80_0;  1 drivers
v000002ba6cde9740_0 .var "coincid_trg_cnt_in_r", 15 0;
v000002ba6cde9880_0 .net "config_received_in", 15 0, v000002ba6cded8c0_0;  1 drivers
v000002ba6cde9a60_0 .var "config_received_in_r", 15 0;
v000002ba6cdead20_0 .net "ctrl_reg_in", 15 0, v000002ba6cded500_0;  1 drivers
v000002ba6cdeb2c0_0 .net "cycled_trg_period_in", 15 0, v000002ba6cded280_0;  1 drivers
v000002ba6cdebe00_0 .var "cycled_trg_period_in_r", 15 0;
v000002ba6cdea6e0_0 .net "eff_trg_cnt_in", 15 0, v000002ba6cdec7e0_0;  1 drivers
v000002ba6cdeabe0_0 .var "eff_trg_cnt_in_r", 15 0;
v000002ba6cdeb720_0 .net "ext_trg_cnt_in", 15 0, v000002ba6cded0a0_0;  1 drivers
v000002ba6cdea8c0_0 .var "ext_trg_cnt_in_r", 15 0;
v000002ba6cdebae0_0 .net "ext_trg_delay_in", 15 0, v000002ba6cdedd20_0;  1 drivers
v000002ba6cdeb360_0 .var "ext_trg_delay_in_r", 15 0;
v000002ba6cdea320_0 .net "hit_ab_sel_in", 15 0, v000002ba6cdedbe0_0;  1 drivers
v000002ba6cdeb7c0_0 .net "hit_busy_ab_sel_w", 15 0, L_000002ba6d131070;  1 drivers
v000002ba6cdeac80_0 .var "hit_busy_ab_sel_w_r", 15 0;
v000002ba6cdeb5e0_0 .net "hit_busy_mask_w", 15 0, L_000002ba6d130f30;  1 drivers
v000002ba6cdebcc0_0 .var "hit_busy_mask_w_r", 15 0;
v000002ba6cdea780_0 .net "hit_mask_in", 15 0, v000002ba6cdeddc0_0;  1 drivers
v000002ba6cdeb400_0 .net "hit_monit_cnt_0_in", 31 0, v000002ba6cded140_0;  1 drivers
v000002ba6cdea820_0 .var "hit_monit_cnt_0_in_r0", 15 0;
v000002ba6cdeb220_0 .var "hit_monit_cnt_0_in_r1", 15 0;
v000002ba6cdeb860_0 .net "hit_monit_cnt_1_in", 31 0, v000002ba6cded820_0;  1 drivers
v000002ba6cdebc20_0 .var "hit_monit_cnt_1_in_r0", 15 0;
v000002ba6cdeb680_0 .var "hit_monit_cnt_1_in_r1", 15 0;
v000002ba6cdeb4a0_0 .net "hit_monit_err_cnt_in", 15 0, v000002ba6cdee400_0;  1 drivers
v000002ba6cdebea0_0 .var "hit_monit_err_cnt_in_r", 15 0;
v000002ba6cdeb900_0 .net "hit_monit_fix_sel_in", 15 0, v000002ba6cdee220_0;  1 drivers
v000002ba6cdea3c0_0 .net "hit_monit_sel_in", 15 0, v000002ba6cdedf00_0;  1 drivers
v000002ba6cdea5a0_0 .net "hit_start_cnt_in", 15 0, v000002ba6cded1e0_0;  1 drivers
v000002ba6cdeab40_0 .var "hit_start_cnt_in_r", 15 0;
o000002ba6cd93478 .functor BUFZ 8, C4<zzzzzzzz>; HiZ drive
v000002ba6cdea960_0 .net "logic_grp_oe_in", 7 0, o000002ba6cd93478;  0 drivers
v000002ba6cdec080_0 .var "logic_grp_oe_in_r", 15 0;
v000002ba6cdeb9a0_0 .net "logic_match_cnt_in", 15 0, v000002ba6cdee040_0;  1 drivers
v000002ba6cdeadc0_0 .var "logic_match_cnt_in_r", 15 0;
v000002ba6cdeaa00_0 .net "mon_data_out", 15 0, L_000002ba6cd7c0f0;  alias, 1 drivers
v000002ba6cdebd60_0 .var "mon_data_reg", 15 0;
v000002ba6cdeb540_0 .net "monit_hit_sel_w", 15 0, L_000002ba6d130530;  1 drivers
v000002ba6cdea640_0 .var "monit_hit_sel_w_r", 15 0;
v000002ba6cdeba40_0 .net "rd_addr_in", 7 0, v000002ba6cdec880_0;  1 drivers
v000002ba6cdeaaa0_0 .net "rd_in", 0 0, v000002ba6cdee2c0_0;  1 drivers
v000002ba6cdea460_0 .var "rd_in_r", 0 0;
v000002ba6cdeae60_0 .net "rst_in", 0 0, v000002ba6cded460_0;  1 drivers
v000002ba6cdebb80_0 .net "status_w", 15 0, L_000002ba6cdeca60;  1 drivers
v000002ba6cdeaf00_0 .var "status_w_r", 15 0;
v000002ba6cdeb040_0 .net "trg_dead_time_in", 15 0, v000002ba6cded780_0;  1 drivers
v000002ba6cdebf40_0 .var "trg_dead_time_in_r", 15 0;
v000002ba6cdeafa0_0 .net "trg_match_win_in", 15 0, v000002ba6cded960_0;  1 drivers
v000002ba6cdebfe0_0 .var "trg_match_win_in_r", 15 0;
v000002ba6cdec120_0 .net "trg_mode_brst_in", 15 0, v000002ba6cdee360_0;  1 drivers
v000002ba6cdeb0e0_0 .var "trg_mode_brst_in_r", 15 0;
v000002ba6cdeb180_0 .net "trg_mode_gm1_in", 15 0, v000002ba6cded5a0_0;  1 drivers
v000002ba6cdea280_0 .var "trg_mode_gm1_in_r", 15 0;
v000002ba6cdea500_0 .net "trg_mode_gm2_in", 15 0, v000002ba6cded640_0;  1 drivers
v000002ba6cded320_0 .var "trg_mode_gm2_in_r", 15 0;
v000002ba6cdecb00_0 .net "trg_mode_mip1_in", 15 0, v000002ba6cdee4a0_0;  1 drivers
v000002ba6cdedaa0_0 .var "trg_mode_mip1_in_r", 15 0;
v000002ba6cdecc40_0 .net "trg_mode_mip2_in", 15 0, v000002ba6cdeda00_0;  1 drivers
v000002ba6cded3c0_0 .var "trg_mode_mip2_in_r", 15 0;
v000002ba6cdecba0_0 .net "trg_mode_ubs_in", 15 0, v000002ba6cdee540_0;  1 drivers
v000002ba6cdede60_0 .var "trg_mode_ubs_in_r", 15 0;
E_000002ba6cd32480 .event posedge, v000002ba6cde99c0_0;
L_000002ba6cdec6a0 .part v000002ba6cded500_0, 0, 8;
L_000002ba6cdec9c0 .part v000002ba6cdecf60_0, 0, 8;
L_000002ba6cdeca60 .concat [ 8 8 0 0], L_000002ba6cdec9c0, L_000002ba6cdec6a0;
L_000002ba6d131390 .part v000002ba6cdee220_0, 0, 8;
L_000002ba6d1305d0 .part v000002ba6cdedf00_0, 0, 8;
L_000002ba6d130530 .concat [ 8 8 0 0], L_000002ba6d1305d0, L_000002ba6d131390;
L_000002ba6d1314d0 .part v000002ba6cdedbe0_0, 8, 8;
L_000002ba6d1319d0 .part v000002ba6cdec740_0, 0, 8;
L_000002ba6d131070 .concat [ 8 8 0 0], L_000002ba6d1319d0, L_000002ba6d1314d0;
L_000002ba6d131250 .part v000002ba6cdeddc0_0, 0, 10;
L_000002ba6d131570 .part v000002ba6cdecd80_0, 0, 6;
L_000002ba6d130f30 .concat [ 6 10 0 0], L_000002ba6d131570, L_000002ba6d131250;
    .scope S_000002ba6cd66360;
T_0 ;
    %wait E_000002ba6cd32480;
    %load/vec4 v000002ba6cdeae60_0;
    %flag_set/vec4 8;
    %jmp/0xz  T_0.0, 8;
    %pushi/vec4 0, 0, 1;
    %assign/vec4 v000002ba6cdea460_0, 0;
    %jmp T_0.1;
T_0.0 ;
    %load/vec4 v000002ba6cdeaaa0_0;
    %assign/vec4 v000002ba6cdea460_0, 0;
T_0.1 ;
    %jmp T_0;
    .thread T_0;
    .scope S_000002ba6cd66360;
T_1 ;
    %wait E_000002ba6cd32480;
    %load/vec4 v000002ba6cdeae60_0;
    %flag_set/vec4 8;
    %jmp/0xz  T_1.0, 8;
    %pushi/vec4 0, 0, 16;
    %assign/vec4 v000002ba6cdeaf00_0, 0;
    %pushi/vec4 0, 0, 16;
    %assign/vec4 v000002ba6cdedaa0_0, 0;
    %pushi/vec4 0, 0, 16;
    %assign/vec4 v000002ba6cded3c0_0, 0;
    %pushi/vec4 0, 0, 16;
    %assign/vec4 v000002ba6cdea280_0, 0;
    %pushi/vec4 0, 0, 16;
    %assign/vec4 v000002ba6cded320_0, 0;
    %pushi/vec4 0, 0, 16;
    %assign/vec4 v000002ba6cdede60_0, 0;
    %pushi/vec4 0, 0, 16;
    %assign/vec4 v000002ba6cdeb0e0_0, 0;
    %pushi/vec4 0, 0, 16;
    %assign/vec4 v000002ba6cdeabe0_0, 0;
    %pushi/vec4 0, 0, 16;
    %assign/vec4 v000002ba6cde9740_0, 0;
    %pushi/vec4 0, 0, 16;
    %assign/vec4 v000002ba6cdea640_0, 0;
    %pushi/vec4 0, 0, 16;
    %assign/vec4 v000002ba6cdebea0_0, 0;
    %pushi/vec4 0, 0, 16;
    %assign/vec4 v000002ba6cdeab40_0, 0;
    %pushi/vec4 0, 0, 16;
    %assign/vec4 v000002ba6cdeb220_0, 0;
    %pushi/vec4 0, 0, 16;
    %assign/vec4 v000002ba6cdea820_0, 0;
    %pushi/vec4 0, 0, 16;
    %assign/vec4 v000002ba6cdeb680_0, 0;
    %pushi/vec4 0, 0, 16;
    %assign/vec4 v000002ba6cdebc20_0, 0;
    %pushi/vec4 0, 0, 16;
    %assign/vec4 v000002ba6cde9e20_0, 0;
    %pushi/vec4 0, 0, 16;
    %assign/vec4 v000002ba6cde91a0_0, 0;
    %pushi/vec4 0, 0, 16;
    %assign/vec4 v000002ba6cde94c0_0, 0;
    %pushi/vec4 0, 0, 16;
    %assign/vec4 v000002ba6cde9920_0, 0;
    %pushi/vec4 0, 0, 16;
    %assign/vec4 v000002ba6cde9240_0, 0;
    %pushi/vec4 0, 0, 16;
    %assign/vec4 v000002ba6cde9060_0, 0;
    %pushi/vec4 0, 0, 16;
    %assign/vec4 v000002ba6cde9ba0_0, 0;
    %pushi/vec4 0, 0, 16;
    %assign/vec4 v000002ba6cde9c40_0, 0;
    %pushi/vec4 0, 0, 16;
    %assign/vec4 v000002ba6cde97e0_0, 0;
    %pushi/vec4 0, 0, 16;
    %assign/vec4 v000002ba6cdeadc0_0, 0;
    %pushi/vec4 0, 0, 16;
    %assign/vec4 v000002ba6cdea8c0_0, 0;
    %pushi/vec4 0, 0, 16;
    %assign/vec4 v000002ba6cdeac80_0, 0;
    %pushi/vec4 0, 0, 16;
    %assign/vec4 v000002ba6cdebcc0_0, 0;
    %pushi/vec4 0, 0, 16;
    %assign/vec4 v000002ba6cdebfe0_0, 0;
    %pushi/vec4 0, 0, 16;
    %assign/vec4 v000002ba6cdebf40_0, 0;
    %pushi/vec4 0, 0, 16;
    %assign/vec4 v000002ba6cde9a60_0, 0;
    %pushi/vec4 0, 0, 16;
    %assign/vec4 v000002ba6cdeb360_0, 0;
    %pushi/vec4 0, 0, 16;
    %assign/vec4 v000002ba6cdebe00_0, 0;
    %pushi/vec4 0, 0, 16;
    %assign/vec4 v000002ba6cdec080_0, 0;
    %jmp T_1.1;
T_1.0 ;
    %load/vec4 v000002ba6cdeaaa0_0;
    %load/vec4 v000002ba6cdea460_0;
    %inv;
    %and;
    %load/vec4 v000002ba6cdeba40_0;
    %pushi/vec4 25, 0, 8;
    %cmp/e;
    %flag_get/vec4 4;
    %and;
    %flag_set/vec4 8;
    %jmp/0xz  T_1.2, 8;
    %load/vec4 v000002ba6cdebb80_0;
    %assign/vec4 v000002ba6cdeaf00_0, 0;
    %load/vec4 v000002ba6cdecb00_0;
    %assign/vec4 v000002ba6cdedaa0_0, 0;
    %load/vec4 v000002ba6cdecc40_0;
    %assign/vec4 v000002ba6cded3c0_0, 0;
    %load/vec4 v000002ba6cdeb180_0;
    %assign/vec4 v000002ba6cdea280_0, 0;
    %load/vec4 v000002ba6cdea500_0;
    %assign/vec4 v000002ba6cded320_0, 0;
    %load/vec4 v000002ba6cdecba0_0;
    %assign/vec4 v000002ba6cdede60_0, 0;
    %load/vec4 v000002ba6cdec120_0;
    %assign/vec4 v000002ba6cdeb0e0_0, 0;
    %load/vec4 v000002ba6cdea6e0_0;
    %assign/vec4 v000002ba6cdeabe0_0, 0;
    %load/vec4 v000002ba6cde92e0_0;
    %assign/vec4 v000002ba6cde9740_0, 0;
    %load/vec4 v000002ba6cdeb540_0;
    %assign/vec4 v000002ba6cdea640_0, 0;
    %load/vec4 v000002ba6cdeb4a0_0;
    %assign/vec4 v000002ba6cdebea0_0, 0;
    %load/vec4 v000002ba6cdea5a0_0;
    %assign/vec4 v000002ba6cdeab40_0, 0;
    %load/vec4 v000002ba6cdeb400_0;
    %parti/s 16, 16, 6;
    %assign/vec4 v000002ba6cdeb220_0, 0;
    %load/vec4 v000002ba6cdeb400_0;
    %parti/s 16, 0, 2;
    %assign/vec4 v000002ba6cdea820_0, 0;
    %load/vec4 v000002ba6cdeb860_0;
    %parti/s 16, 16, 6;
    %assign/vec4 v000002ba6cdeb680_0, 0;
    %load/vec4 v000002ba6cdeb860_0;
    %parti/s 16, 0, 2;
    %assign/vec4 v000002ba6cdebc20_0, 0;
    %load/vec4 v000002ba6cde9ce0_0;
    %assign/vec4 v000002ba6cde9e20_0, 0;
    %load/vec4 v000002ba6cde9560_0;
    %assign/vec4 v000002ba6cde91a0_0, 0;
    %load/vec4 v000002ba6cde9d80_0;
    %assign/vec4 v000002ba6cde94c0_0, 0;
    %load/vec4 v000002ba6cde9b00_0;
    %assign/vec4 v000002ba6cde9920_0, 0;
    %load/vec4 v000002ba6cde9100_0;
    %assign/vec4 v000002ba6cde9240_0, 0;
    %load/vec4 v000002ba6cde9ec0_0;
    %assign/vec4 v000002ba6cde9060_0, 0;
    %load/vec4 v000002ba6cde96a0_0;
    %assign/vec4 v000002ba6cde9ba0_0, 0;
    %load/vec4 v000002ba6cde9600_0;
    %parti/s 16, 16, 6;
    %assign/vec4 v000002ba6cde9c40_0, 0;
    %load/vec4 v000002ba6cde9600_0;
    %parti/s 16, 0, 2;
    %assign/vec4 v000002ba6cde97e0_0, 0;
    %load/vec4 v000002ba6cdeb9a0_0;
    %assign/vec4 v000002ba6cdeadc0_0, 0;
    %load/vec4 v000002ba6cdeb720_0;
    %assign/vec4 v000002ba6cdea8c0_0, 0;
    %load/vec4 v000002ba6cdeb7c0_0;
    %assign/vec4 v000002ba6cdeac80_0, 0;
    %load/vec4 v000002ba6cdeb5e0_0;
    %assign/vec4 v000002ba6cdebcc0_0, 0;
    %load/vec4 v000002ba6cdeafa0_0;
    %assign/vec4 v000002ba6cdebfe0_0, 0;
    %load/vec4 v000002ba6cdeb040_0;
    %assign/vec4 v000002ba6cdebf40_0, 0;
    %load/vec4 v000002ba6cde9880_0;
    %assign/vec4 v000002ba6cde9a60_0, 0;
    %load/vec4 v000002ba6cdebae0_0;
    %assign/vec4 v000002ba6cdeb360_0, 0;
    %load/vec4 v000002ba6cdeb2c0_0;
    %assign/vec4 v000002ba6cdebe00_0, 0;
    %pushi/vec4 0, 0, 8;
    %load/vec4 v000002ba6cdea960_0;
    %concat/vec4; draw_concat_vec4
    %assign/vec4 v000002ba6cdec080_0, 0;
T_1.2 ;
T_1.1 ;
    %jmp T_1;
    .thread T_1;
    .scope S_000002ba6cd66360;
T_2 ;
    %wait E_000002ba6cd32480;
    %load/vec4 v000002ba6cdeae60_0;
    %flag_set/vec4 8;
    %jmp/0xz  T_2.0, 8;
    %pushi/vec4 0, 0, 16;
    %assign/vec4 v000002ba6cdebd60_0, 0;
    %jmp T_2.1;
T_2.0 ;
    %load/vec4 v000002ba6cdeaaa0_0;
    %flag_set/vec4 8;
    %jmp/0xz  T_2.2, 8;
    %load/vec4 v000002ba6cdeba40_0;
    %dup/vec4;
    %pushi/vec4 25, 0, 8;
    %cmp/u;
    %jmp/1 T_2.4, 6;
    %dup/vec4;
    %pushi/vec4 26, 0, 8;
    %cmp/u;
    %jmp/1 T_2.5, 6;
    %dup/vec4;
    %pushi/vec4 27, 0, 8;
    %cmp/u;
    %jmp/1 T_2.6, 6;
    %dup/vec4;
    %pushi/vec4 28, 0, 8;
    %cmp/u;
    %jmp/1 T_2.7, 6;
    %dup/vec4;
    %pushi/vec4 29, 0, 8;
    %cmp/u;
    %jmp/1 T_2.8, 6;
    %dup/vec4;
    %pushi/vec4 30, 0, 8;
    %cmp/u;
    %jmp/1 T_2.9, 6;
    %dup/vec4;
    %pushi/vec4 31, 0, 8;
    %cmp/u;
    %jmp/1 T_2.10, 6;
    %dup/vec4;
    %pushi/vec4 32, 0, 8;
    %cmp/u;
    %jmp/1 T_2.11, 6;
    %dup/vec4;
    %pushi/vec4 33, 0, 8;
    %cmp/u;
    %jmp/1 T_2.12, 6;
    %dup/vec4;
    %pushi/vec4 34, 0, 8;
    %cmp/u;
    %jmp/1 T_2.13, 6;
    %dup/vec4;
    %pushi/vec4 35, 0, 8;
    %cmp/u;
    %jmp/1 T_2.14, 6;
    %dup/vec4;
    %pushi/vec4 36, 0, 8;
    %cmp/u;
    %jmp/1 T_2.15, 6;
    %dup/vec4;
    %pushi/vec4 37, 0, 8;
    %cmp/u;
    %jmp/1 T_2.16, 6;
    %dup/vec4;
    %pushi/vec4 38, 0, 8;
    %cmp/u;
    %jmp/1 T_2.17, 6;
    %dup/vec4;
    %pushi/vec4 39, 0, 8;
    %cmp/u;
    %jmp/1 T_2.18, 6;
    %dup/vec4;
    %pushi/vec4 40, 0, 8;
    %cmp/u;
    %jmp/1 T_2.19, 6;
    %dup/vec4;
    %pushi/vec4 41, 0, 8;
    %cmp/u;
    %jmp/1 T_2.20, 6;
    %dup/vec4;
    %pushi/vec4 42, 0, 8;
    %cmp/u;
    %jmp/1 T_2.21, 6;
    %dup/vec4;
    %pushi/vec4 43, 0, 8;
    %cmp/u;
    %jmp/1 T_2.22, 6;
    %dup/vec4;
    %pushi/vec4 44, 0, 8;
    %cmp/u;
    %jmp/1 T_2.23, 6;
    %dup/vec4;
    %pushi/vec4 45, 0, 8;
    %cmp/u;
    %jmp/1 T_2.24, 6;
    %dup/vec4;
    %pushi/vec4 46, 0, 8;
    %cmp/u;
    %jmp/1 T_2.25, 6;
    %dup/vec4;
    %pushi/vec4 47, 0, 8;
    %cmp/u;
    %jmp/1 T_2.26, 6;
    %dup/vec4;
    %pushi/vec4 48, 0, 8;
    %cmp/u;
    %jmp/1 T_2.27, 6;
    %dup/vec4;
    %pushi/vec4 49, 0, 8;
    %cmp/u;
    %jmp/1 T_2.28, 6;
    %dup/vec4;
    %pushi/vec4 50, 0, 8;
    %cmp/u;
    %jmp/1 T_2.29, 6;
    %dup/vec4;
    %pushi/vec4 51, 0, 8;
    %cmp/u;
    %jmp/1 T_2.30, 6;
    %dup/vec4;
    %pushi/vec4 52, 0, 8;
    %cmp/u;
    %jmp/1 T_2.31, 6;
    %dup/vec4;
    %pushi/vec4 53, 0, 8;
    %cmp/u;
    %jmp/1 T_2.32, 6;
    %dup/vec4;
    %pushi/vec4 54, 0, 8;
    %cmp/u;
    %jmp/1 T_2.33, 6;
    %dup/vec4;
    %pushi/vec4 55, 0, 8;
    %cmp/u;
    %jmp/1 T_2.34, 6;
    %dup/vec4;
    %pushi/vec4 56, 0, 8;
    %cmp/u;
    %jmp/1 T_2.35, 6;
    %dup/vec4;
    %pushi/vec4 57, 0, 8;
    %cmp/u;
    %jmp/1 T_2.36, 6;
    %dup/vec4;
    %pushi/vec4 58, 0, 8;
    %cmp/u;
    %jmp/1 T_2.37, 6;
    %dup/vec4;
    %pushi/vec4 59, 0, 8;
    %cmp/u;
    %jmp/1 T_2.38, 6;
    %jmp T_2.40;
T_2.4 ;
    %load/vec4 v000002ba6cdeaf00_0;
    %assign/vec4 v000002ba6cdebd60_0, 0;
    %jmp T_2.40;
T_2.5 ;
    %load/vec4 v000002ba6cdedaa0_0;
    %assign/vec4 v000002ba6cdebd60_0, 0;
    %jmp T_2.40;
T_2.6 ;
    %load/vec4 v000002ba6cded3c0_0;
    %assign/vec4 v000002ba6cdebd60_0, 0;
    %jmp T_2.40;
T_2.7 ;
    %load/vec4 v000002ba6cdea280_0;
    %assign/vec4 v000002ba6cdebd60_0, 0;
    %jmp T_2.40;
T_2.8 ;
    %load/vec4 v000002ba6cded320_0;
    %assign/vec4 v000002ba6cdebd60_0, 0;
    %jmp T_2.40;
T_2.9 ;
    %load/vec4 v000002ba6cdede60_0;
    %assign/vec4 v000002ba6cdebd60_0, 0;
    %jmp T_2.40;
T_2.10 ;
    %load/vec4 v000002ba6cdeb0e0_0;
    %assign/vec4 v000002ba6cdebd60_0, 0;
    %jmp T_2.40;
T_2.11 ;
    %load/vec4 v000002ba6cdeabe0_0;
    %assign/vec4 v000002ba6cdebd60_0, 0;
    %jmp T_2.40;
T_2.12 ;
    %load/vec4 v000002ba6cde9740_0;
    %assign/vec4 v000002ba6cdebd60_0, 0;
    %jmp T_2.40;
T_2.13 ;
    %load/vec4 v000002ba6cdea640_0;
    %assign/vec4 v000002ba6cdebd60_0, 0;
    %jmp T_2.40;
T_2.14 ;
    %load/vec4 v000002ba6cdebea0_0;
    %assign/vec4 v000002ba6cdebd60_0, 0;
    %jmp T_2.40;
T_2.15 ;
    %load/vec4 v000002ba6cdeab40_0;
    %assign/vec4 v000002ba6cdebd60_0, 0;
    %jmp T_2.40;
T_2.16 ;
    %load/vec4 v000002ba6cdeb220_0;
    %assign/vec4 v000002ba6cdebd60_0, 0;
    %jmp T_2.40;
T_2.17 ;
    %load/vec4 v000002ba6cdea820_0;
    %assign/vec4 v000002ba6cdebd60_0, 0;
    %jmp T_2.40;
T_2.18 ;
    %load/vec4 v000002ba6cdeb680_0;
    %assign/vec4 v000002ba6cdebd60_0, 0;
    %jmp T_2.40;
T_2.19 ;
    %load/vec4 v000002ba6cdebc20_0;
    %assign/vec4 v000002ba6cdebd60_0, 0;
    %jmp T_2.40;
T_2.20 ;
    %load/vec4 v000002ba6cde9e20_0;
    %assign/vec4 v000002ba6cdebd60_0, 0;
    %jmp T_2.40;
T_2.21 ;
    %load/vec4 v000002ba6cde91a0_0;
    %assign/vec4 v000002ba6cdebd60_0, 0;
    %jmp T_2.40;
T_2.22 ;
    %load/vec4 v000002ba6cde94c0_0;
    %assign/vec4 v000002ba6cdebd60_0, 0;
    %jmp T_2.40;
T_2.23 ;
    %load/vec4 v000002ba6cde9920_0;
    %assign/vec4 v000002ba6cdebd60_0, 0;
    %jmp T_2.40;
T_2.24 ;
    %load/vec4 v000002ba6cde9240_0;
    %assign/vec4 v000002ba6cdebd60_0, 0;
    %jmp T_2.40;
T_2.25 ;
    %load/vec4 v000002ba6cde9060_0;
    %assign/vec4 v000002ba6cdebd60_0, 0;
    %jmp T_2.40;
T_2.26 ;
    %load/vec4 v000002ba6cde9ba0_0;
    %assign/vec4 v000002ba6cdebd60_0, 0;
    %jmp T_2.40;
T_2.27 ;
    %load/vec4 v000002ba6cde9c40_0;
    %assign/vec4 v000002ba6cdebd60_0, 0;
    %jmp T_2.40;
T_2.28 ;
    %load/vec4 v000002ba6cde97e0_0;
    %assign/vec4 v000002ba6cdebd60_0, 0;
    %jmp T_2.40;
T_2.29 ;
    %load/vec4 v000002ba6cdeadc0_0;
    %assign/vec4 v000002ba6cdebd60_0, 0;
    %jmp T_2.40;
T_2.30 ;
    %load/vec4 v000002ba6cdea8c0_0;
    %assign/vec4 v000002ba6cdebd60_0, 0;
    %jmp T_2.40;
T_2.31 ;
    %load/vec4 v000002ba6cdeac80_0;
    %assign/vec4 v000002ba6cdebd60_0, 0;
    %jmp T_2.40;
T_2.32 ;
    %load/vec4 v000002ba6cdebcc0_0;
    %assign/vec4 v000002ba6cdebd60_0, 0;
    %jmp T_2.40;
T_2.33 ;
    %load/vec4 v000002ba6cdebfe0_0;
    %assign/vec4 v000002ba6cdebd60_0, 0;
    %jmp T_2.40;
T_2.34 ;
    %load/vec4 v000002ba6cdebf40_0;
    %assign/vec4 v000002ba6cdebd60_0, 0;
    %jmp T_2.40;
T_2.35 ;
    %load/vec4 v000002ba6cde9a60_0;
    %assign/vec4 v000002ba6cdebd60_0, 0;
    %jmp T_2.40;
T_2.36 ;
    %load/vec4 v000002ba6cdeb360_0;
    %assign/vec4 v000002ba6cdebd60_0, 0;
    %jmp T_2.40;
T_2.37 ;
    %load/vec4 v000002ba6cdebe00_0;
    %assign/vec4 v000002ba6cdebd60_0, 0;
    %jmp T_2.40;
T_2.38 ;
    %load/vec4 v000002ba6cdec080_0;
    %assign/vec4 v000002ba6cdebd60_0, 0;
    %jmp T_2.40;
T_2.40 ;
    %pop/vec4 1;
T_2.2 ;
T_2.1 ;
    %jmp T_2;
    .thread T_2;
    .scope S_000002ba6ccebe50;
T_3 ;
    %pushi/vec4 0, 0, 1;
    %store/vec4 v000002ba6cdecec0_0, 0, 1;
    %pushi/vec4 0, 0, 1;
    %store/vec4 v000002ba6cded460_0, 0, 1;
    %pushi/vec4 0, 0, 1;
    %store/vec4 v000002ba6cdee2c0_0, 0, 1;
    %pushi/vec4 0, 0, 8;
    %store/vec4 v000002ba6cdec880_0, 0, 8;
    %pushi/vec4 0, 0, 16;
    %store/vec4 v000002ba6cded500_0, 0, 16;
    %pushi/vec4 0, 0, 16;
    %store/vec4 v000002ba6cdecf60_0, 0, 16;
    %pushi/vec4 0, 0, 16;
    %store/vec4 v000002ba6cdee4a0_0, 0, 16;
    %pushi/vec4 0, 0, 16;
    %store/vec4 v000002ba6cdeda00_0, 0, 16;
    %pushi/vec4 0, 0, 16;
    %store/vec4 v000002ba6cded5a0_0, 0, 16;
    %pushi/vec4 0, 0, 16;
    %store/vec4 v000002ba6cded640_0, 0, 16;
    %pushi/vec4 0, 0, 16;
    %store/vec4 v000002ba6cdee540_0, 0, 16;
    %pushi/vec4 0, 0, 16;
    %store/vec4 v000002ba6cdee360_0, 0, 16;
    %pushi/vec4 0, 0, 16;
    %store/vec4 v000002ba6cdec7e0_0, 0, 16;
    %pushi/vec4 0, 0, 16;
    %store/vec4 v000002ba6cdedc80_0, 0, 16;
    %pushi/vec4 0, 0, 16;
    %store/vec4 v000002ba6cdee220_0, 0, 16;
    %pushi/vec4 0, 0, 16;
    %store/vec4 v000002ba6cdedf00_0, 0, 16;
    %pushi/vec4 0, 0, 16;
    %store/vec4 v000002ba6cdee400_0, 0, 16;
    %pushi/vec4 0, 0, 16;
    %store/vec4 v000002ba6cded1e0_0, 0, 16;
    %pushi/vec4 0, 0, 32;
    %store/vec4 v000002ba6cded140_0, 0, 32;
    %pushi/vec4 0, 0, 32;
    %store/vec4 v000002ba6cded820_0, 0, 32;
    %pushi/vec4 0, 0, 16;
    %store/vec4 v000002ba6cdee180_0, 0, 16;
    %pushi/vec4 0, 0, 16;
    %store/vec4 v000002ba6cdece20_0, 0, 16;
    %pushi/vec4 0, 0, 16;
    %store/vec4 v000002ba6cdecce0_0, 0, 16;
    %pushi/vec4 0, 0, 16;
    %store/vec4 v000002ba6cdedb40_0, 0, 16;
    %pushi/vec4 0, 0, 16;
    %store/vec4 v000002ba6cdee0e0_0, 0, 16;
    %pushi/vec4 0, 0, 16;
    %store/vec4 v000002ba6cdec920_0, 0, 16;
    %pushi/vec4 0, 0, 16;
    %store/vec4 v000002ba6cdedfa0_0, 0, 16;
    %pushi/vec4 0, 0, 32;
    %store/vec4 v000002ba6cded000_0, 0, 32;
    %pushi/vec4 0, 0, 16;
    %store/vec4 v000002ba6cdee040_0, 0, 16;
    %pushi/vec4 0, 0, 16;
    %store/vec4 v000002ba6cded0a0_0, 0, 16;
    %pushi/vec4 0, 0, 16;
    %store/vec4 v000002ba6cdedbe0_0, 0, 16;
    %pushi/vec4 0, 0, 16;
    %store/vec4 v000002ba6cdec740_0, 0, 16;
    %pushi/vec4 0, 0, 16;
    %store/vec4 v000002ba6cdeddc0_0, 0, 16;
    %pushi/vec4 0, 0, 16;
    %store/vec4 v000002ba6cdecd80_0, 0, 16;
    %pushi/vec4 0, 0, 16;
    %store/vec4 v000002ba6cded960_0, 0, 16;
    %pushi/vec4 0, 0, 16;
    %store/vec4 v000002ba6cded780_0, 0, 16;
    %pushi/vec4 0, 0, 16;
    %store/vec4 v000002ba6cded8c0_0, 0, 16;
    %pushi/vec4 0, 0, 16;
    %store/vec4 v000002ba6cdedd20_0, 0, 16;
    %pushi/vec4 0, 0, 16;
    %store/vec4 v000002ba6cded280_0, 0, 16;
    %end;
    .thread T_3;
    .scope S_000002ba6ccebe50;
T_4 ;
    %vpi_call 2 11 "$dumpfile", "./tb_TrgMonData.vcd" {0 0 0};
    %vpi_call 2 12 "$dumpvars", 32'sb00000000000000000000000000000000, S_000002ba6ccebe50 {0 0 0};
    %delay 3000000000, 0;
    %vpi_call 2 13 "$finish" {0 0 0};
    %end;
    .thread T_4;
    .scope S_000002ba6ccebe50;
T_5 ;
T_5.0 ;
    %delay 5000, 0;
    %load/vec4 v000002ba6cdecec0_0;
    %inv;
    %store/vec4 v000002ba6cdecec0_0, 0, 1;
    %jmp T_5.0;
    %end;
    .thread T_5;
    .scope S_000002ba6ccebe50;
T_6 ;
    %delay 20000, 0;
    %pushi/vec4 1, 0, 1;
    %store/vec4 v000002ba6cded460_0, 0, 1;
    %delay 20000, 0;
    %pushi/vec4 0, 0, 1;
    %store/vec4 v000002ba6cded460_0, 0, 1;
    %end;
    .thread T_6;
    .scope S_000002ba6ccebe50;
T_7 ;
    %delay 100100000, 0;
    %pushi/vec4 1, 0, 1;
    %store/vec4 v000002ba6cdee2c0_0, 0, 1;
    %delay 1410065408, 2;
    %pushi/vec4 0, 0, 1;
    %store/vec4 v000002ba6cdee2c0_0, 0, 1;
    %end;
    .thread T_7;
    .scope S_000002ba6ccebe50;
T_8 ;
    %delay 100000000, 0;
    %pushi/vec4 25, 0, 8;
    %store/vec4 v000002ba6cdec880_0, 0, 8;
    %delay 100000000, 0;
    %pushi/vec4 26, 0, 8;
    %store/vec4 v000002ba6cdec880_0, 0, 8;
    %delay 100000000, 0;
    %pushi/vec4 27, 0, 8;
    %store/vec4 v000002ba6cdec880_0, 0, 8;
    %delay 100000000, 0;
    %pushi/vec4 28, 0, 8;
    %store/vec4 v000002ba6cdec880_0, 0, 8;
    %delay 100000000, 0;
    %pushi/vec4 29, 0, 8;
    %store/vec4 v000002ba6cdec880_0, 0, 8;
    %delay 100000000, 0;
    %pushi/vec4 30, 0, 8;
    %store/vec4 v000002ba6cdec880_0, 0, 8;
    %delay 100000000, 0;
    %pushi/vec4 31, 0, 8;
    %store/vec4 v000002ba6cdec880_0, 0, 8;
    %delay 100000000, 0;
    %pushi/vec4 32, 0, 8;
    %store/vec4 v000002ba6cdec880_0, 0, 8;
    %delay 100000000, 0;
    %pushi/vec4 33, 0, 8;
    %store/vec4 v000002ba6cdec880_0, 0, 8;
    %delay 100000000, 0;
    %pushi/vec4 34, 0, 8;
    %store/vec4 v000002ba6cdec880_0, 0, 8;
    %delay 100000000, 0;
    %pushi/vec4 35, 0, 8;
    %store/vec4 v000002ba6cdec880_0, 0, 8;
    %delay 100000000, 0;
    %pushi/vec4 36, 0, 8;
    %store/vec4 v000002ba6cdec880_0, 0, 8;
    %delay 100000000, 0;
    %pushi/vec4 37, 0, 8;
    %store/vec4 v000002ba6cdec880_0, 0, 8;
    %delay 100000000, 0;
    %pushi/vec4 38, 0, 8;
    %store/vec4 v000002ba6cdec880_0, 0, 8;
    %delay 100000000, 0;
    %pushi/vec4 39, 0, 8;
    %store/vec4 v000002ba6cdec880_0, 0, 8;
    %delay 100000000, 0;
    %pushi/vec4 40, 0, 8;
    %store/vec4 v000002ba6cdec880_0, 0, 8;
    %delay 100000000, 0;
    %pushi/vec4 41, 0, 8;
    %store/vec4 v000002ba6cdec880_0, 0, 8;
    %delay 100000000, 0;
    %pushi/vec4 42, 0, 8;
    %store/vec4 v000002ba6cdec880_0, 0, 8;
    %delay 100000000, 0;
    %pushi/vec4 43, 0, 8;
    %store/vec4 v000002ba6cdec880_0, 0, 8;
    %delay 100000000, 0;
    %pushi/vec4 44, 0, 8;
    %store/vec4 v000002ba6cdec880_0, 0, 8;
    %delay 100000000, 0;
    %pushi/vec4 45, 0, 8;
    %store/vec4 v000002ba6cdec880_0, 0, 8;
    %delay 100000000, 0;
    %pushi/vec4 46, 0, 8;
    %store/vec4 v000002ba6cdec880_0, 0, 8;
    %delay 100000000, 0;
    %pushi/vec4 47, 0, 8;
    %store/vec4 v000002ba6cdec880_0, 0, 8;
    %delay 100000000, 0;
    %pushi/vec4 48, 0, 8;
    %store/vec4 v000002ba6cdec880_0, 0, 8;
    %delay 100000000, 0;
    %pushi/vec4 49, 0, 8;
    %store/vec4 v000002ba6cdec880_0, 0, 8;
    %delay 100000000, 0;
    %pushi/vec4 50, 0, 8;
    %store/vec4 v000002ba6cdec880_0, 0, 8;
    %delay 100000000, 0;
    %pushi/vec4 51, 0, 8;
    %store/vec4 v000002ba6cdec880_0, 0, 8;
    %delay 100000000, 0;
    %pushi/vec4 52, 0, 8;
    %store/vec4 v000002ba6cdec880_0, 0, 8;
    %delay 100000000, 0;
    %pushi/vec4 53, 0, 8;
    %store/vec4 v000002ba6cdec880_0, 0, 8;
    %delay 100000000, 0;
    %pushi/vec4 54, 0, 8;
    %store/vec4 v000002ba6cdec880_0, 0, 8;
    %delay 100000000, 0;
    %pushi/vec4 55, 0, 8;
    %store/vec4 v000002ba6cdec880_0, 0, 8;
    %delay 100000000, 0;
    %pushi/vec4 56, 0, 8;
    %store/vec4 v000002ba6cdec880_0, 0, 8;
    %delay 100000000, 0;
    %pushi/vec4 57, 0, 8;
    %store/vec4 v000002ba6cdec880_0, 0, 8;
    %delay 100000000, 0;
    %pushi/vec4 58, 0, 8;
    %store/vec4 v000002ba6cdec880_0, 0, 8;
    %delay 100000000, 0;
    %pushi/vec4 59, 0, 8;
    %store/vec4 v000002ba6cdec880_0, 0, 8;
    %delay 100000000, 0;
    %pushi/vec4 60, 0, 8;
    %store/vec4 v000002ba6cdec880_0, 0, 8;
    %delay 100000000, 0;
    %pushi/vec4 61, 0, 8;
    %store/vec4 v000002ba6cdec880_0, 0, 8;
    %delay 100000000, 0;
    %pushi/vec4 62, 0, 8;
    %store/vec4 v000002ba6cdec880_0, 0, 8;
    %end;
    .thread T_8;
    .scope S_000002ba6ccebe50;
T_9 ;
    %pushi/vec4 13651, 0, 16;
    %store/vec4 v000002ba6cded500_0, 0, 16;
    %pushi/vec4 3, 0, 16;
    %store/vec4 v000002ba6cdecf60_0, 0, 16;
    %pushi/vec4 13651, 0, 16;
    %store/vec4 v000002ba6cdee4a0_0, 0, 16;
    %pushi/vec4 3, 0, 16;
    %store/vec4 v000002ba6cdeda00_0, 0, 16;
    %pushi/vec4 13651, 0, 16;
    %store/vec4 v000002ba6cded5a0_0, 0, 16;
    %pushi/vec4 13651, 0, 16;
    %store/vec4 v000002ba6cded640_0, 0, 16;
    %pushi/vec4 13651, 0, 16;
    %store/vec4 v000002ba6cdee540_0, 0, 16;
    %pushi/vec4 3, 0, 16;
    %store/vec4 v000002ba6cdee360_0, 0, 16;
    %pushi/vec4 13651, 0, 16;
    %store/vec4 v000002ba6cdec7e0_0, 0, 16;
    %pushi/vec4 13651, 0, 16;
    %store/vec4 v000002ba6cdedc80_0, 0, 16;
    %pushi/vec4 13651, 0, 16;
    %store/vec4 v000002ba6cdee220_0, 0, 16;
    %pushi/vec4 13651, 0, 16;
    %store/vec4 v000002ba6cdedf00_0, 0, 16;
    %pushi/vec4 3, 0, 16;
    %store/vec4 v000002ba6cdee400_0, 0, 16;
    %pushi/vec4 13651, 0, 16;
    %store/vec4 v000002ba6cded1e0_0, 0, 16;
    %pushi/vec4 2218079571, 0, 32;
    %store/vec4 v000002ba6cded140_0, 0, 32;
    %pushi/vec4 161625427, 0, 32;
    %store/vec4 v000002ba6cded820_0, 0, 32;
    %pushi/vec4 3, 0, 16;
    %store/vec4 v000002ba6cdee180_0, 0, 16;
    %pushi/vec4 13651, 0, 16;
    %store/vec4 v000002ba6cdece20_0, 0, 16;
    %pushi/vec4 3, 0, 16;
    %store/vec4 v000002ba6cdecce0_0, 0, 16;
    %pushi/vec4 13651, 0, 16;
    %store/vec4 v000002ba6cdedb40_0, 0, 16;
    %pushi/vec4 13651, 0, 16;
    %store/vec4 v000002ba6cdee0e0_0, 0, 16;
    %pushi/vec4 13651, 0, 16;
    %store/vec4 v000002ba6cdec920_0, 0, 16;
    %pushi/vec4 13651, 0, 16;
    %store/vec4 v000002ba6cdedfa0_0, 0, 16;
    %pushi/vec4 858980355, 0, 32;
    %store/vec4 v000002ba6cded000_0, 0, 32;
    %pushi/vec4 13651, 0, 16;
    %store/vec4 v000002ba6cdee040_0, 0, 16;
    %pushi/vec4 13651, 0, 16;
    %store/vec4 v000002ba6cded0a0_0, 0, 16;
    %pushi/vec4 13651, 0, 16;
    %store/vec4 v000002ba6cdedbe0_0, 0, 16;
    %pushi/vec4 13651, 0, 16;
    %store/vec4 v000002ba6cdec740_0, 0, 16;
    %pushi/vec4 3, 0, 16;
    %store/vec4 v000002ba6cdeddc0_0, 0, 16;
    %pushi/vec4 13651, 0, 16;
    %store/vec4 v000002ba6cdecd80_0, 0, 16;
    %pushi/vec4 3, 0, 16;
    %store/vec4 v000002ba6cded960_0, 0, 16;
    %pushi/vec4 13651, 0, 16;
    %store/vec4 v000002ba6cded780_0, 0, 16;
    %pushi/vec4 3, 0, 16;
    %store/vec4 v000002ba6cded8c0_0, 0, 16;
    %pushi/vec4 13651, 0, 16;
    %store/vec4 v000002ba6cdedd20_0, 0, 16;
    %pushi/vec4 3, 0, 16;
    %store/vec4 v000002ba6cded280_0, 0, 16;
    %end;
    .thread T_9;
# The file index is used to find the file name in the following table.
:file_names 4;
    "N/A";
    "<interactive>";
    "./tb_TrgMonData.v";
    "./TrgMonData.v";
