#! /c/Source/iverilog-install/bin/vvp
:ivl_version "12.0 (devel)" "(s20150603-1539-g2693dd32b)";
:ivl_delay_selection "TYPICAL";
:vpi_time_precision - 12;
:vpi_module "C:\iverilog\lib\ivl\system.vpi";
:vpi_module "C:\iverilog\lib\ivl\vhdl_sys.vpi";
:vpi_module "C:\iverilog\lib\ivl\vhdl_textio.vpi";
:vpi_module "C:\iverilog\lib\ivl\v2005_math.vpi";
:vpi_module "C:\iverilog\lib\ivl\va_math.vpi";
S_000001aa5c1cef40 .scope module, "tb_TrgOutCtrl" "tb_TrgOutCtrl" 2 5;
 .timescale -9 -12;
P_000001aa5c24ed00 .param/l "CHK_PULSE_WIDTH" 0 2 10, +C4<00000000000000000000000000110010>;
P_000001aa5c24ed38 .param/l "IDLE" 0 2 11, +C4<00000000000000000000000000000000>;
P_000001aa5c24ed70 .param/l "PERIOD" 0 2 8, +C4<00000000000000000000000000010100>;
P_000001aa5c24eda8 .param/l "TRG_PULSE_WIDTH" 0 2 9, +C4<00000000000000000000000000010100>;
v000001aa5c228010_0 .var "busy_ignore_in", 0 0;
v000001aa5c2283d0_0 .var "busy_syn_in", 1 0;
v000001aa5c228bf0_0 .var "clk_in", 0 0;
v000001aa5c2276b0_0 .var "coincid_trg_in", 0 0;
v000001aa5c228150_0 .var "cycled_trg_in", 0 0;
v000001aa5c227750_0 .var "eff_trg_cnt_in", 15 0;
v000001aa5c2281f0_0 .net "eff_trg_out", 0 0, L_000001aa5c1b5320;  1 drivers
v000001aa5c228290_0 .var "ext_trg_syn_in", 0 0;
v000001aa5c228470_0 .var "logic_burst_sel_in", 1 0;
v000001aa5c228ab0_0 .var "pmu_busy_in", 0 0;
v000001aa5c228c90_0 .var "rst_in", 0 0;
v000001aa5c228510_0 .var "trg_dead_time_in", 7 0;
v000001aa5c228970_0 .var "trg_enb_in", 0 0;
v000001aa5c228b50_0 .net "trg_out_N_CsI_track_a", 0 0, L_000001aa5c1b5fd0;  1 drivers
v000001aa5c22a190_0 .net "trg_out_N_CsI_track_b", 0 0, L_000001aa5c1b5470;  1 drivers
v000001aa5c22a730_0 .net "trg_out_N_Si1_a", 0 0, L_000001aa5c1b55c0;  1 drivers
v000001aa5c22a230_0 .net "trg_out_N_Si1_b", 0 0, L_000001aa5c22baf0;  1 drivers
v000001aa5c22a370_0 .net "trg_out_N_Si2_a", 0 0, L_000001aa5c22bd90;  1 drivers
v000001aa5c22a4b0_0 .net "trg_out_N_Si2_b", 0 0, L_000001aa5c22c030;  1 drivers
v000001aa5c229330_0 .net "trg_out_N_acd_a", 0 0, L_000001aa5c1b5550;  1 drivers
v000001aa5c229790_0 .net "trg_out_N_acd_b", 0 0, L_000001aa5c1b5f60;  1 drivers
v000001aa5c22ae10_0 .net "trg_out_N_cal_fee_1_a", 0 0, L_000001aa5c22b690;  1 drivers
v000001aa5c22af50_0 .net "trg_out_N_cal_fee_1_b", 0 0, L_000001aa5c22b930;  1 drivers
v000001aa5c22a690_0 .net "trg_out_N_cal_fee_2_a", 0 0, L_000001aa5c22c0a0;  1 drivers
v000001aa5c22a550_0 .net "trg_out_N_cal_fee_2_b", 0 0, L_000001aa5c22ba80;  1 drivers
v000001aa5c22a5f0_0 .net "trg_out_N_cal_fee_3_a", 0 0, L_000001aa5c22bfc0;  1 drivers
v000001aa5c22ac30_0 .net "trg_out_N_cal_fee_3_b", 0 0, L_000001aa5c22b9a0;  1 drivers
v000001aa5c22a2d0_0 .net "trg_out_N_cal_fee_4_a", 0 0, L_000001aa5c22c110;  1 drivers
v000001aa5c22a0f0_0 .net "trg_out_N_cal_fee_4_b", 0 0, L_000001aa5c22bb60;  1 drivers
S_000001aa5c1b0130 .scope module, "u_TrgOutCtrl" "TrgOutCtrl" 2 140, 3 12 0, S_000001aa5c1cef40;
 .timescale 0 0;
    .port_info 0 /INPUT 1 "clk_in";
    .port_info 1 /INPUT 1 "rst_in";
    .port_info 2 /INPUT 1 "coincid_trg_in";
    .port_info 3 /INPUT 1 "ext_trg_syn_in";
    .port_info 4 /INPUT 1 "cycled_trg_in";
    .port_info 5 /INPUT 2 "busy_syn_in";
    .port_info 6 /INPUT 1 "busy_ignore_in";
    .port_info 7 /INPUT 2 "logic_burst_sel_in";
    .port_info 8 /INPUT 1 "pmu_busy_in";
    .port_info 9 /INPUT 1 "trg_enb_in";
    .port_info 10 /INPUT 8 "trg_dead_time_in";
    .port_info 11 /INPUT 16 "eff_trg_cnt_in";
    .port_info 12 /OUTPUT 1 "eff_trg_out";
    .port_info 13 /OUTPUT 1 "trg_out_N_acd_a";
    .port_info 14 /OUTPUT 1 "trg_out_N_acd_b";
    .port_info 15 /OUTPUT 1 "trg_out_N_CsI_track_a";
    .port_info 16 /OUTPUT 1 "trg_out_N_CsI_track_b";
    .port_info 17 /OUTPUT 1 "trg_out_N_Si1_a";
    .port_info 18 /OUTPUT 1 "trg_out_N_Si1_b";
    .port_info 19 /OUTPUT 1 "trg_out_N_Si2_a";
    .port_info 20 /OUTPUT 1 "trg_out_N_Si2_b";
    .port_info 21 /OUTPUT 1 "trg_out_N_cal_fee_1_a";
    .port_info 22 /OUTPUT 1 "trg_out_N_cal_fee_1_b";
    .port_info 23 /OUTPUT 1 "trg_out_N_cal_fee_2_a";
    .port_info 24 /OUTPUT 1 "trg_out_N_cal_fee_2_b";
    .port_info 25 /OUTPUT 1 "trg_out_N_cal_fee_3_a";
    .port_info 26 /OUTPUT 1 "trg_out_N_cal_fee_3_b";
    .port_info 27 /OUTPUT 1 "trg_out_N_cal_fee_4_a";
    .port_info 28 /OUTPUT 1 "trg_out_N_cal_fee_4_b";
P_000001aa5c152aa0 .param/l "BURST_MODE" 0 3 57, +C4<00000000000000000000000000000100>;
P_000001aa5c152ad8 .param/l "CHECK_SI_BUSY" 0 3 55, +C4<00000000000000000000000000000010>;
P_000001aa5c152b10 .param/l "CHK_PULSE_WIDTH" 0 3 34, +C4<00000000000000000000000000110010>;
P_000001aa5c152b48 .param/l "DEADTIME_UNIT_10MS" 0 3 35, +C4<00000000000000000000000111110100>;
P_000001aa5c152b80 .param/l "IDLE" 0 3 53, +C4<00000000000000000000000000000000>;
P_000001aa5c152bb8 .param/l "IGNORE_SI_BUSY" 0 3 56, +C4<00000000000000000000000000000011>;
P_000001aa5c152bf0 .param/l "SEND_TRG" 0 3 62, +C4<00000000000000000000000000001001>;
P_000001aa5c152c28 .param/l "SEND_TRG_CHK" 0 3 63, +C4<00000000000000000000000000001010>;
P_000001aa5c152c60 .param/l "TRG_PULSE_WIDTH" 0 3 33, +C4<00000000000000000000000000010100>;
P_000001aa5c152c98 .param/l "WAIT_DEAD_TIME" 0 3 54, +C4<00000000000000000000000000000001>;
P_000001aa5c152cd0 .param/l "WAIT_PMU_BUSY_WITHOUT_SI_BUSY" 0 3 59, +C4<00000000000000000000000000000110>;
P_000001aa5c152d08 .param/l "WAIT_PMU_BUSY_WITH_SI_BUSY" 0 3 58, +C4<00000000000000000000000000000101>;
P_000001aa5c152d40 .param/l "WAIT_TRG_WITHOUT_SI_BUSY" 0 3 61, +C4<00000000000000000000000000001000>;
P_000001aa5c152d78 .param/l "WAIT_TRG_WITH_SI_BUSY" 0 3 60, +C4<00000000000000000000000000000111>;
L_000001aa5c1b52b0 .functor BUFZ 20, v000001aa5c227110_0, C4<00000000000000000000>, C4<00000000000000000000>, C4<00000000000000000000>;
L_000001aa5c1b5cc0 .functor OR 1, L_000001aa5c22a410, L_000001aa5c229830, C4<0>, C4<0>;
L_000001aa5c1b5320 .functor BUFZ 1, v000001aa5c228dd0_0, C4<0>, C4<0>, C4<0>;
L_000001aa5c1b5550 .functor NOT 1, v000001aa5c227610_0, C4<0>, C4<0>, C4<0>;
L_000001aa5c1b5f60 .functor NOT 1, v000001aa5c227610_0, C4<0>, C4<0>, C4<0>;
L_000001aa5c1b5fd0 .functor NOT 1, v000001aa5c227610_0, C4<0>, C4<0>, C4<0>;
L_000001aa5c1b5470 .functor NOT 1, v000001aa5c227610_0, C4<0>, C4<0>, C4<0>;
L_000001aa5c1b55c0 .functor NOT 1, v000001aa5c227610_0, C4<0>, C4<0>, C4<0>;
L_000001aa5c22baf0 .functor NOT 1, v000001aa5c227610_0, C4<0>, C4<0>, C4<0>;
L_000001aa5c22bd90 .functor NOT 1, v000001aa5c227610_0, C4<0>, C4<0>, C4<0>;
L_000001aa5c22c030 .functor NOT 1, v000001aa5c227610_0, C4<0>, C4<0>, C4<0>;
L_000001aa5c22b690 .functor NOT 1, v000001aa5c227610_0, C4<0>, C4<0>, C4<0>;
L_000001aa5c22b930 .functor NOT 1, v000001aa5c227610_0, C4<0>, C4<0>, C4<0>;
L_000001aa5c22c0a0 .functor NOT 1, v000001aa5c227610_0, C4<0>, C4<0>, C4<0>;
L_000001aa5c22ba80 .functor NOT 1, v000001aa5c227610_0, C4<0>, C4<0>, C4<0>;
L_000001aa5c22bfc0 .functor NOT 1, v000001aa5c227610_0, C4<0>, C4<0>, C4<0>;
L_000001aa5c22b9a0 .functor NOT 1, v000001aa5c227610_0, C4<0>, C4<0>, C4<0>;
L_000001aa5c22c110 .functor NOT 1, v000001aa5c227610_0, C4<0>, C4<0>, C4<0>;
L_000001aa5c22bb60 .functor NOT 1, v000001aa5c227610_0, C4<0>, C4<0>, C4<0>;
v000001aa5c1c0a80_0 .net *"_ivl_3", 0 0, L_000001aa5c22a410;  1 drivers
v000001aa5c1c0080_0 .net *"_ivl_5", 0 0, L_000001aa5c229830;  1 drivers
v000001aa5c1c0120_0 .net "busy_ignore_in", 0 0, v000001aa5c228010_0;  1 drivers
v000001aa5c1c0800_0 .net "busy_syn_in", 1 0, v000001aa5c2283d0_0;  1 drivers
v000001aa5c1c0940_0 .var "c_state", 3 0;
v000001aa5c1c01c0_0 .net "clk_in", 0 0, v000001aa5c228bf0_0;  1 drivers
v000001aa5c1c0260_0 .net "coincid_trg_in", 0 0, v000001aa5c2276b0_0;  1 drivers
v000001aa5c228d30_0 .var "coincid_trg_in_r", 0 0;
v000001aa5c227930_0 .net "cycled_trg_in", 0 0, v000001aa5c228150_0;  1 drivers
v000001aa5c227070_0 .var "daq_busy_r", 0 0;
v000001aa5c227a70_0 .net "eff_trg_cnt_in", 15 0, v000001aa5c227750_0;  1 drivers
v000001aa5c228790_0 .net "eff_trg_out", 0 0, L_000001aa5c1b5320;  alias, 1 drivers
v000001aa5c228dd0_0 .var "eff_trg_sig", 0 0;
v000001aa5c2277f0_0 .net "ext_trg_syn_in", 0 0, v000001aa5c228290_0;  1 drivers
v000001aa5c227ed0_0 .var/i "i", 31 0;
v000001aa5c2285b0_0 .net "logic_burst_sel_in", 1 0, v000001aa5c228470_0;  1 drivers
v000001aa5c227d90_0 .var "n_state", 3 0;
v000001aa5c228650_0 .net "pmu_busy_in", 0 0, v000001aa5c228ab0_0;  1 drivers
v000001aa5c227430_0 .net "rst_in", 0 0, v000001aa5c228c90_0;  1 drivers
v000001aa5c228330_0 .net "si_busy_sig", 0 0, L_000001aa5c1b5cc0;  1 drivers
v000001aa5c227e30_0 .var "trg_chksig_width_cnt", 7 0;
v000001aa5c2280b0_0 .var "trg_dead_time_cnt", 19 0;
v000001aa5c227250_0 .net "trg_dead_time_in", 7 0, v000001aa5c228510_0;  1 drivers
v000001aa5c227b10_0 .net "trg_dead_time_prodcut", 19 0, L_000001aa5c1b52b0;  1 drivers
v000001aa5c227110_0 .var "trg_dead_time_temp", 19 0;
v000001aa5c2279d0_0 .net "trg_enb_in", 0 0, v000001aa5c228970_0;  1 drivers
v000001aa5c227f70_0 .net "trg_out_N_CsI_track_a", 0 0, L_000001aa5c1b5fd0;  alias, 1 drivers
v000001aa5c227bb0_0 .net "trg_out_N_CsI_track_b", 0 0, L_000001aa5c1b5470;  alias, 1 drivers
v000001aa5c228e70_0 .net "trg_out_N_Si1_a", 0 0, L_000001aa5c1b55c0;  alias, 1 drivers
v000001aa5c2272f0_0 .net "trg_out_N_Si1_b", 0 0, L_000001aa5c22baf0;  alias, 1 drivers
v000001aa5c227c50_0 .net "trg_out_N_Si2_a", 0 0, L_000001aa5c22bd90;  alias, 1 drivers
v000001aa5c227cf0_0 .net "trg_out_N_Si2_b", 0 0, L_000001aa5c22c030;  alias, 1 drivers
v000001aa5c228f10_0 .net "trg_out_N_acd_a", 0 0, L_000001aa5c1b5550;  alias, 1 drivers
v000001aa5c2271b0_0 .net "trg_out_N_acd_b", 0 0, L_000001aa5c1b5f60;  alias, 1 drivers
v000001aa5c2286f0_0 .net "trg_out_N_cal_fee_1_a", 0 0, L_000001aa5c22b690;  alias, 1 drivers
v000001aa5c2274d0_0 .net "trg_out_N_cal_fee_1_b", 0 0, L_000001aa5c22b930;  alias, 1 drivers
v000001aa5c227890_0 .net "trg_out_N_cal_fee_2_a", 0 0, L_000001aa5c22c0a0;  alias, 1 drivers
v000001aa5c227390_0 .net "trg_out_N_cal_fee_2_b", 0 0, L_000001aa5c22ba80;  alias, 1 drivers
v000001aa5c227570_0 .net "trg_out_N_cal_fee_3_a", 0 0, L_000001aa5c22bfc0;  alias, 1 drivers
v000001aa5c228a10_0 .net "trg_out_N_cal_fee_3_b", 0 0, L_000001aa5c22b9a0;  alias, 1 drivers
v000001aa5c228830_0 .net "trg_out_N_cal_fee_4_a", 0 0, L_000001aa5c22c110;  alias, 1 drivers
v000001aa5c2288d0_0 .net "trg_out_N_cal_fee_4_b", 0 0, L_000001aa5c22bb60;  alias, 1 drivers
v000001aa5c227610_0 .var "trg_send_r", 0 0;
E_000001aa5c1c3970 .event posedge, v000001aa5c1c01c0_0;
E_000001aa5c1c3eb0 .event anyedge, v000001aa5c227110_0, v000001aa5c227250_0;
E_000001aa5c1c39b0/0 .event anyedge, v000001aa5c2285b0_0, v000001aa5c228650_0, v000001aa5c1c0120_0, v000001aa5c1c0800_0;
E_000001aa5c1c39b0/1 .event anyedge, v000001aa5c227a70_0, v000001aa5c227250_0, v000001aa5c2280b0_0, v000001aa5c227e30_0;
E_000001aa5c1c39b0/2 .event anyedge, v000001aa5c228d30_0, v000001aa5c1c0260_0, v000001aa5c2277f0_0, v000001aa5c227930_0;
E_000001aa5c1c39b0/3 .event anyedge, v000001aa5c2279d0_0, v000001aa5c1c0940_0;
E_000001aa5c1c39b0 .event/or E_000001aa5c1c39b0/0, E_000001aa5c1c39b0/1, E_000001aa5c1c39b0/2, E_000001aa5c1c39b0/3;
L_000001aa5c22a410 .part v000001aa5c2283d0_0, 1, 1;
L_000001aa5c229830 .part v000001aa5c2283d0_0, 0, 1;
    .scope S_000001aa5c1b0130;
T_0 ;
    %wait E_000001aa5c1c3970;
    %load/vec4 v000001aa5c227430_0;
    %flag_set/vec4 8;
    %jmp/0xz  T_0.0, 8;
    %pushi/vec4 0, 0, 4;
    %assign/vec4 v000001aa5c1c0940_0, 0;
    %jmp T_0.1;
T_0.0 ;
    %load/vec4 v000001aa5c227d90_0;
    %assign/vec4 v000001aa5c1c0940_0, 0;
T_0.1 ;
    %jmp T_0;
    .thread T_0;
    .scope S_000001aa5c1b0130;
T_1 ;
    %wait E_000001aa5c1c39b0;
    %pushi/vec4 0, 0, 4;
    %store/vec4 v000001aa5c227d90_0, 0, 4;
    %load/vec4 v000001aa5c1c0940_0;
    %dup/vec4;
    %pushi/vec4 0, 0, 4;
    %cmp/u;
    %jmp/1 T_1.0, 6;
    %dup/vec4;
    %pushi/vec4 1, 0, 4;
    %cmp/u;
    %jmp/1 T_1.1, 6;
    %dup/vec4;
    %pushi/vec4 4, 0, 4;
    %cmp/u;
    %jmp/1 T_1.2, 6;
    %dup/vec4;
    %pushi/vec4 3, 0, 4;
    %cmp/u;
    %jmp/1 T_1.3, 6;
    %dup/vec4;
    %pushi/vec4 2, 0, 4;
    %cmp/u;
    %jmp/1 T_1.4, 6;
    %dup/vec4;
    %pushi/vec4 5, 0, 4;
    %cmp/u;
    %jmp/1 T_1.5, 6;
    %dup/vec4;
    %pushi/vec4 6, 0, 4;
    %cmp/u;
    %jmp/1 T_1.6, 6;
    %dup/vec4;
    %pushi/vec4 7, 0, 4;
    %cmp/u;
    %jmp/1 T_1.7, 6;
    %dup/vec4;
    %pushi/vec4 8, 0, 4;
    %cmp/u;
    %jmp/1 T_1.8, 6;
    %dup/vec4;
    %pushi/vec4 9, 0, 4;
    %cmp/u;
    %jmp/1 T_1.9, 6;
    %dup/vec4;
    %pushi/vec4 10, 0, 4;
    %cmp/u;
    %jmp/1 T_1.10, 6;
    %pushi/vec4 0, 0, 4;
    %store/vec4 v000001aa5c227d90_0, 0, 4;
    %jmp T_1.12;
T_1.0 ;
    %load/vec4 v000001aa5c2279d0_0;
    %flag_set/vec4 8;
    %jmp/0xz  T_1.13, 8;
    %pushi/vec4 1, 0, 4;
    %store/vec4 v000001aa5c227d90_0, 0, 4;
    %jmp T_1.14;
T_1.13 ;
    %pushi/vec4 0, 0, 4;
    %store/vec4 v000001aa5c227d90_0, 0, 4;
T_1.14 ;
    %jmp T_1.12;
T_1.1 ;
    %load/vec4 v000001aa5c2285b0_0;
    %cmpi/e 3, 0, 2;
    %jmp/0xz  T_1.15, 4;
    %pushi/vec4 4, 0, 4;
    %store/vec4 v000001aa5c227d90_0, 0, 4;
    %jmp T_1.16;
T_1.15 ;
    %load/vec4 v000001aa5c1c0120_0;
    %cmpi/e 1, 0, 1;
    %jmp/0xz  T_1.17, 4;
    %pushi/vec4 3, 0, 4;
    %store/vec4 v000001aa5c227d90_0, 0, 4;
    %jmp T_1.18;
T_1.17 ;
    %pushi/vec4 2, 0, 4;
    %store/vec4 v000001aa5c227d90_0, 0, 4;
T_1.18 ;
T_1.16 ;
    %jmp T_1.12;
T_1.2 ;
    %load/vec4 v000001aa5c227b10_0;
    %load/vec4 v000001aa5c2280b0_0;
    %cmp/u;
    %jmp/0xz  T_1.19, 5;
    %pushi/vec4 6, 0, 4;
    %store/vec4 v000001aa5c227d90_0, 0, 4;
    %jmp T_1.20;
T_1.19 ;
    %pushi/vec4 4, 0, 4;
    %store/vec4 v000001aa5c227d90_0, 0, 4;
T_1.20 ;
    %jmp T_1.12;
T_1.3 ;
    %load/vec4 v000001aa5c227b10_0;
    %load/vec4 v000001aa5c2280b0_0;
    %cmp/u;
    %jmp/0xz  T_1.21, 5;
    %pushi/vec4 6, 0, 4;
    %store/vec4 v000001aa5c227d90_0, 0, 4;
    %jmp T_1.22;
T_1.21 ;
    %pushi/vec4 3, 0, 4;
    %store/vec4 v000001aa5c227d90_0, 0, 4;
T_1.22 ;
    %jmp T_1.12;
T_1.4 ;
    %load/vec4 v000001aa5c228330_0;
    %inv;
    %flag_set/vec4 8;
    %jmp/0xz  T_1.23, 8;
    %pushi/vec4 5, 0, 4;
    %store/vec4 v000001aa5c227d90_0, 0, 4;
    %jmp T_1.24;
T_1.23 ;
    %pushi/vec4 2, 0, 4;
    %store/vec4 v000001aa5c227d90_0, 0, 4;
T_1.24 ;
    %jmp T_1.12;
T_1.5 ;
    %load/vec4 v000001aa5c228650_0;
    %inv;
    %flag_set/vec4 8;
    %jmp/0xz  T_1.25, 8;
    %pushi/vec4 7, 0, 4;
    %store/vec4 v000001aa5c227d90_0, 0, 4;
    %jmp T_1.26;
T_1.25 ;
    %pushi/vec4 5, 0, 4;
    %store/vec4 v000001aa5c227d90_0, 0, 4;
T_1.26 ;
    %jmp T_1.12;
T_1.6 ;
    %load/vec4 v000001aa5c228650_0;
    %inv;
    %flag_set/vec4 8;
    %jmp/0xz  T_1.27, 8;
    %pushi/vec4 8, 0, 4;
    %store/vec4 v000001aa5c227d90_0, 0, 4;
    %jmp T_1.28;
T_1.27 ;
    %pushi/vec4 6, 0, 4;
    %store/vec4 v000001aa5c227d90_0, 0, 4;
T_1.28 ;
    %jmp T_1.12;
T_1.7 ;
    %load/vec4 v000001aa5c2279d0_0;
    %flag_set/vec4 10;
    %flag_get/vec4 10;
    %jmp/0 T_1.32, 10;
    %load/vec4 v000001aa5c228650_0;
    %inv;
    %and;
T_1.32;
    %flag_set/vec4 9;
    %flag_get/vec4 9;
    %jmp/0 T_1.31, 9;
    %load/vec4 v000001aa5c228330_0;
    %inv;
    %and;
T_1.31;
    %flag_set/vec4 8;
    %jmp/0xz  T_1.29, 8;
    %load/vec4 v000001aa5c1c0260_0;
    %load/vec4 v000001aa5c228d30_0;
    %inv;
    %and;
    %flag_set/vec4 8;
    %jmp/1 T_1.36, 8;
    %load/vec4 v000001aa5c2277f0_0;
    %flag_set/vec4 9;
    %flag_or 8, 9;
T_1.36;
    %jmp/1 T_1.35, 8;
    %load/vec4 v000001aa5c227930_0;
    %flag_set/vec4 9;
    %flag_or 8, 9;
T_1.35;
    %jmp/0 T_1.33, 8;
    %pushi/vec4 9, 0, 32;
    %jmp/1 T_1.34, 8;
T_1.33 ; End of true expr.
    %pushi/vec4 7, 0, 32;
    %jmp/0 T_1.34, 8;
 ; End of false expr.
    %blend;
T_1.34;
    %pad/s 4;
    %store/vec4 v000001aa5c227d90_0, 0, 4;
    %jmp T_1.30;
T_1.29 ;
    %pushi/vec4 7, 0, 4;
    %store/vec4 v000001aa5c227d90_0, 0, 4;
T_1.30 ;
    %jmp T_1.12;
T_1.8 ;
    %load/vec4 v000001aa5c2279d0_0;
    %flag_set/vec4 9;
    %flag_get/vec4 9;
    %jmp/0 T_1.39, 9;
    %load/vec4 v000001aa5c228650_0;
    %inv;
    %and;
T_1.39;
    %flag_set/vec4 8;
    %jmp/0xz  T_1.37, 8;
    %load/vec4 v000001aa5c1c0260_0;
    %load/vec4 v000001aa5c228d30_0;
    %inv;
    %and;
    %flag_set/vec4 8;
    %jmp/1 T_1.43, 8;
    %load/vec4 v000001aa5c2277f0_0;
    %flag_set/vec4 9;
    %flag_or 8, 9;
T_1.43;
    %jmp/1 T_1.42, 8;
    %load/vec4 v000001aa5c227930_0;
    %flag_set/vec4 9;
    %flag_or 8, 9;
T_1.42;
    %jmp/0 T_1.40, 8;
    %pushi/vec4 9, 0, 32;
    %jmp/1 T_1.41, 8;
T_1.40 ; End of true expr.
    %pushi/vec4 8, 0, 32;
    %jmp/0 T_1.41, 8;
 ; End of false expr.
    %blend;
T_1.41;
    %pad/s 4;
    %store/vec4 v000001aa5c227d90_0, 0, 4;
    %jmp T_1.38;
T_1.37 ;
    %pushi/vec4 8, 0, 4;
    %store/vec4 v000001aa5c227d90_0, 0, 4;
T_1.38 ;
    %jmp T_1.12;
T_1.9 ;
    %load/vec4 v000001aa5c227e30_0;
    %pad/u 32;
    %cmpi/u 19, 0, 32;
    %flag_inv 5; GE is !LT
    %jmp/0xz  T_1.44, 5;
    %load/vec4 v000001aa5c227a70_0;
    %parti/s 12, 0, 2;
    %cmpi/e 0, 0, 12;
    %jmp/0xz  T_1.46, 4;
    %pushi/vec4 10, 0, 4;
    %store/vec4 v000001aa5c227d90_0, 0, 4;
    %jmp T_1.47;
T_1.46 ;
    %pushi/vec4 0, 0, 4;
    %store/vec4 v000001aa5c227d90_0, 0, 4;
T_1.47 ;
    %jmp T_1.45;
T_1.44 ;
    %pushi/vec4 9, 0, 4;
    %store/vec4 v000001aa5c227d90_0, 0, 4;
T_1.45 ;
    %jmp T_1.12;
T_1.10 ;
    %load/vec4 v000001aa5c227e30_0;
    %pad/u 32;
    %cmpi/u 59, 0, 32;
    %flag_inv 5; GE is !LT
    %jmp/0xz  T_1.48, 5;
    %pushi/vec4 0, 0, 4;
    %store/vec4 v000001aa5c227d90_0, 0, 4;
    %jmp T_1.49;
T_1.48 ;
    %pushi/vec4 10, 0, 4;
    %store/vec4 v000001aa5c227d90_0, 0, 4;
T_1.49 ;
    %jmp T_1.12;
T_1.12 ;
    %pop/vec4 1;
    %jmp T_1;
    .thread T_1, $push;
    .scope S_000001aa5c1b0130;
T_2 ;
    %wait E_000001aa5c1c3970;
    %load/vec4 v000001aa5c227430_0;
    %flag_set/vec4 8;
    %jmp/0xz  T_2.0, 8;
    %pushi/vec4 0, 0, 1;
    %assign/vec4 v000001aa5c228d30_0, 0;
    %jmp T_2.1;
T_2.0 ;
    %load/vec4 v000001aa5c1c0260_0;
    %assign/vec4 v000001aa5c228d30_0, 0;
T_2.1 ;
    %jmp T_2;
    .thread T_2;
    .scope S_000001aa5c1b0130;
T_3 ;
    %wait E_000001aa5c1c3eb0;
    %pushi/vec4 0, 0, 20;
    %store/vec4 v000001aa5c227110_0, 0, 20;
    %pushi/vec4 0, 0, 32;
    %store/vec4 v000001aa5c227ed0_0, 0, 32;
T_3.0 ;
    %load/vec4 v000001aa5c227ed0_0;
    %cmpi/s 20, 0, 32;
    %jmp/0xz T_3.1, 5;
    %pushi/vec4 500, 0, 32;
    %load/vec4 v000001aa5c227ed0_0;
    %part/s 1;
    %cmpi/e 1, 0, 1;
    %jmp/0xz  T_3.2, 4;
    %load/vec4 v000001aa5c227110_0;
    %load/vec4 v000001aa5c227250_0;
    %pad/u 20;
    %load/vec4 v000001aa5c227ed0_0;
    %ix/vec4 4;
    %shiftl 4;
    %add;
    %store/vec4 v000001aa5c227110_0, 0, 20;
T_3.2 ;
    %load/vec4 v000001aa5c227ed0_0;
    %addi 1, 0, 32;
    %store/vec4 v000001aa5c227ed0_0, 0, 32;
    %jmp T_3.0;
T_3.1 ;
    %jmp T_3;
    .thread T_3, $push;
    .scope S_000001aa5c1b0130;
T_4 ;
    %wait E_000001aa5c1c3970;
    %load/vec4 v000001aa5c227430_0;
    %flag_set/vec4 8;
    %jmp/0xz  T_4.0, 8;
    %pushi/vec4 0, 0, 1;
    %assign/vec4 v000001aa5c227610_0, 0;
    %pushi/vec4 0, 0, 1;
    %assign/vec4 v000001aa5c228dd0_0, 0;
    %pushi/vec4 0, 0, 1;
    %assign/vec4 v000001aa5c227070_0, 0;
    %pushi/vec4 0, 0, 8;
    %assign/vec4 v000001aa5c227e30_0, 0;
    %pushi/vec4 0, 0, 20;
    %assign/vec4 v000001aa5c2280b0_0, 0;
    %jmp T_4.1;
T_4.0 ;
    %load/vec4 v000001aa5c1c0940_0;
    %dup/vec4;
    %pushi/vec4 0, 0, 4;
    %cmp/u;
    %jmp/1 T_4.2, 6;
    %dup/vec4;
    %pushi/vec4 1, 0, 4;
    %cmp/u;
    %jmp/1 T_4.3, 6;
    %dup/vec4;
    %pushi/vec4 4, 0, 4;
    %cmp/u;
    %jmp/1 T_4.4, 6;
    %dup/vec4;
    %pushi/vec4 3, 0, 4;
    %cmp/u;
    %jmp/1 T_4.5, 6;
    %dup/vec4;
    %pushi/vec4 2, 0, 4;
    %cmp/u;
    %jmp/1 T_4.6, 6;
    %dup/vec4;
    %pushi/vec4 5, 0, 4;
    %cmp/u;
    %jmp/1 T_4.7, 6;
    %dup/vec4;
    %pushi/vec4 6, 0, 4;
    %cmp/u;
    %jmp/1 T_4.8, 6;
    %dup/vec4;
    %pushi/vec4 7, 0, 4;
    %cmp/u;
    %jmp/1 T_4.9, 6;
    %dup/vec4;
    %pushi/vec4 8, 0, 4;
    %cmp/u;
    %jmp/1 T_4.10, 6;
    %dup/vec4;
    %pushi/vec4 9, 0, 4;
    %cmp/u;
    %jmp/1 T_4.11, 6;
    %dup/vec4;
    %pushi/vec4 10, 0, 4;
    %cmp/u;
    %jmp/1 T_4.12, 6;
    %pushi/vec4 0, 0, 1;
    %assign/vec4 v000001aa5c227610_0, 0;
    %pushi/vec4 0, 0, 1;
    %assign/vec4 v000001aa5c228dd0_0, 0;
    %pushi/vec4 0, 0, 1;
    %assign/vec4 v000001aa5c227070_0, 0;
    %pushi/vec4 0, 0, 8;
    %assign/vec4 v000001aa5c227e30_0, 0;
    %pushi/vec4 0, 0, 20;
    %assign/vec4 v000001aa5c2280b0_0, 0;
    %jmp T_4.14;
T_4.2 ;
    %pushi/vec4 0, 0, 8;
    %assign/vec4 v000001aa5c227e30_0, 0;
    %pushi/vec4 0, 0, 20;
    %assign/vec4 v000001aa5c2280b0_0, 0;
    %pushi/vec4 0, 0, 1;
    %assign/vec4 v000001aa5c227610_0, 0;
    %pushi/vec4 0, 0, 1;
    %assign/vec4 v000001aa5c228dd0_0, 0;
    %pushi/vec4 0, 0, 1;
    %assign/vec4 v000001aa5c227070_0, 0;
    %jmp T_4.14;
T_4.3 ;
    %pushi/vec4 0, 0, 1;
    %assign/vec4 v000001aa5c228dd0_0, 0;
    %pushi/vec4 0, 0, 1;
    %assign/vec4 v000001aa5c227610_0, 0;
    %pushi/vec4 0, 0, 20;
    %assign/vec4 v000001aa5c2280b0_0, 0;
    %jmp T_4.14;
T_4.4 ;
    %pushi/vec4 0, 0, 1;
    %assign/vec4 v000001aa5c228dd0_0, 0;
    %pushi/vec4 0, 0, 1;
    %assign/vec4 v000001aa5c227610_0, 0;
    %load/vec4 v000001aa5c227b10_0;
    %load/vec4 v000001aa5c2280b0_0;
    %cmp/u;
    %jmp/0xz  T_4.15, 5;
    %pushi/vec4 0, 0, 20;
    %assign/vec4 v000001aa5c2280b0_0, 0;
    %pushi/vec4 0, 0, 1;
    %assign/vec4 v000001aa5c227070_0, 0;
    %jmp T_4.16;
T_4.15 ;
    %load/vec4 v000001aa5c2280b0_0;
    %addi 1, 0, 20;
    %assign/vec4 v000001aa5c2280b0_0, 0;
T_4.16 ;
    %jmp T_4.14;
T_4.5 ;
    %pushi/vec4 0, 0, 1;
    %assign/vec4 v000001aa5c228dd0_0, 0;
    %pushi/vec4 0, 0, 1;
    %assign/vec4 v000001aa5c227610_0, 0;
    %load/vec4 v000001aa5c227b10_0;
    %load/vec4 v000001aa5c2280b0_0;
    %cmp/u;
    %jmp/0xz  T_4.17, 5;
    %pushi/vec4 0, 0, 20;
    %assign/vec4 v000001aa5c2280b0_0, 0;
    %pushi/vec4 0, 0, 1;
    %assign/vec4 v000001aa5c227070_0, 0;
    %jmp T_4.18;
T_4.17 ;
    %load/vec4 v000001aa5c2280b0_0;
    %addi 1, 0, 20;
    %assign/vec4 v000001aa5c2280b0_0, 0;
T_4.18 ;
    %jmp T_4.14;
T_4.6 ;
    %pushi/vec4 0, 0, 1;
    %assign/vec4 v000001aa5c228dd0_0, 0;
    %pushi/vec4 0, 0, 1;
    %assign/vec4 v000001aa5c227610_0, 0;
    %pushi/vec4 0, 0, 20;
    %assign/vec4 v000001aa5c2280b0_0, 0;
    %jmp T_4.14;
T_4.7 ;
    %pushi/vec4 0, 0, 1;
    %assign/vec4 v000001aa5c228dd0_0, 0;
    %pushi/vec4 0, 0, 1;
    %assign/vec4 v000001aa5c227610_0, 0;
    %pushi/vec4 0, 0, 20;
    %assign/vec4 v000001aa5c2280b0_0, 0;
    %jmp T_4.14;
T_4.8 ;
    %pushi/vec4 0, 0, 1;
    %assign/vec4 v000001aa5c228dd0_0, 0;
    %pushi/vec4 0, 0, 1;
    %assign/vec4 v000001aa5c227610_0, 0;
    %pushi/vec4 0, 0, 20;
    %assign/vec4 v000001aa5c2280b0_0, 0;
    %jmp T_4.14;
T_4.9 ;
    %load/vec4 v000001aa5c2279d0_0;
    %flag_set/vec4 10;
    %flag_get/vec4 10;
    %jmp/0 T_4.22, 10;
    %load/vec4 v000001aa5c228650_0;
    %inv;
    %and;
T_4.22;
    %flag_set/vec4 9;
    %flag_get/vec4 9;
    %jmp/0 T_4.21, 9;
    %load/vec4 v000001aa5c228330_0;
    %inv;
    %and;
T_4.21;
    %flag_set/vec4 8;
    %jmp/0xz  T_4.19, 8;
    %load/vec4 v000001aa5c1c0260_0;
    %load/vec4 v000001aa5c228d30_0;
    %inv;
    %and;
    %flag_set/vec4 8;
    %jmp/1 T_4.24, 8;
    %load/vec4 v000001aa5c2277f0_0;
    %flag_set/vec4 9;
    %flag_or 8, 9;
T_4.24;
    %flag_get/vec4 8;
    %jmp/1 T_4.23, 8;
    %load/vec4 v000001aa5c227930_0;
    %or;
T_4.23;
    %assign/vec4 v000001aa5c227610_0, 0;
    %load/vec4 v000001aa5c1c0260_0;
    %load/vec4 v000001aa5c228d30_0;
    %inv;
    %and;
    %flag_set/vec4 8;
    %jmp/1 T_4.26, 8;
    %load/vec4 v000001aa5c2277f0_0;
    %flag_set/vec4 9;
    %flag_or 8, 9;
T_4.26;
    %flag_get/vec4 8;
    %jmp/1 T_4.25, 8;
    %load/vec4 v000001aa5c227930_0;
    %or;
T_4.25;
    %assign/vec4 v000001aa5c228dd0_0, 0;
    %load/vec4 v000001aa5c1c0260_0;
    %load/vec4 v000001aa5c228d30_0;
    %inv;
    %and;
    %flag_set/vec4 8;
    %jmp/1 T_4.28, 8;
    %load/vec4 v000001aa5c2277f0_0;
    %flag_set/vec4 9;
    %flag_or 8, 9;
T_4.28;
    %flag_get/vec4 8;
    %jmp/1 T_4.27, 8;
    %load/vec4 v000001aa5c227930_0;
    %or;
T_4.27;
    %assign/vec4 v000001aa5c227070_0, 0;
    %jmp T_4.20;
T_4.19 ;
    %pushi/vec4 0, 0, 1;
    %assign/vec4 v000001aa5c227610_0, 0;
    %pushi/vec4 0, 0, 1;
    %assign/vec4 v000001aa5c228dd0_0, 0;
    %pushi/vec4 0, 0, 1;
    %assign/vec4 v000001aa5c227070_0, 0;
T_4.20 ;
    %jmp T_4.14;
T_4.10 ;
    %load/vec4 v000001aa5c2279d0_0;
    %flag_set/vec4 9;
    %flag_get/vec4 9;
    %jmp/0 T_4.31, 9;
    %load/vec4 v000001aa5c228650_0;
    %inv;
    %and;
T_4.31;
    %flag_set/vec4 8;
    %jmp/0xz  T_4.29, 8;
    %load/vec4 v000001aa5c1c0260_0;
    %load/vec4 v000001aa5c228d30_0;
    %inv;
    %and;
    %flag_set/vec4 8;
    %jmp/1 T_4.33, 8;
    %load/vec4 v000001aa5c2277f0_0;
    %flag_set/vec4 9;
    %flag_or 8, 9;
T_4.33;
    %flag_get/vec4 8;
    %jmp/1 T_4.32, 8;
    %load/vec4 v000001aa5c227930_0;
    %or;
T_4.32;
    %assign/vec4 v000001aa5c227610_0, 0;
    %load/vec4 v000001aa5c1c0260_0;
    %load/vec4 v000001aa5c228d30_0;
    %inv;
    %and;
    %flag_set/vec4 8;
    %jmp/1 T_4.35, 8;
    %load/vec4 v000001aa5c2277f0_0;
    %flag_set/vec4 9;
    %flag_or 8, 9;
T_4.35;
    %flag_get/vec4 8;
    %jmp/1 T_4.34, 8;
    %load/vec4 v000001aa5c227930_0;
    %or;
T_4.34;
    %assign/vec4 v000001aa5c228dd0_0, 0;
    %load/vec4 v000001aa5c1c0260_0;
    %load/vec4 v000001aa5c228d30_0;
    %inv;
    %and;
    %flag_set/vec4 8;
    %jmp/1 T_4.37, 8;
    %load/vec4 v000001aa5c2277f0_0;
    %flag_set/vec4 9;
    %flag_or 8, 9;
T_4.37;
    %flag_get/vec4 8;
    %jmp/1 T_4.36, 8;
    %load/vec4 v000001aa5c227930_0;
    %or;
T_4.36;
    %assign/vec4 v000001aa5c227070_0, 0;
    %jmp T_4.30;
T_4.29 ;
    %pushi/vec4 0, 0, 1;
    %assign/vec4 v000001aa5c227610_0, 0;
    %pushi/vec4 0, 0, 1;
    %assign/vec4 v000001aa5c228dd0_0, 0;
    %pushi/vec4 0, 0, 1;
    %assign/vec4 v000001aa5c227070_0, 0;
T_4.30 ;
    %jmp T_4.14;
T_4.11 ;
    %pushi/vec4 0, 0, 1;
    %assign/vec4 v000001aa5c228dd0_0, 0;
    %pushi/vec4 1, 0, 1;
    %assign/vec4 v000001aa5c227070_0, 0;
    %load/vec4 v000001aa5c227e30_0;
    %pad/u 32;
    %cmpi/u 19, 0, 32;
    %flag_inv 5; GE is !LT
    %jmp/0xz  T_4.38, 5;
    %pushi/vec4 0, 0, 1;
    %assign/vec4 v000001aa5c227610_0, 0;
    %pushi/vec4 0, 0, 8;
    %assign/vec4 v000001aa5c227e30_0, 0;
    %pushi/vec4 0, 0, 20;
    %assign/vec4 v000001aa5c2280b0_0, 0;
    %jmp T_4.39;
T_4.38 ;
    %load/vec4 v000001aa5c227e30_0;
    %addi 1, 0, 8;
    %assign/vec4 v000001aa5c227e30_0, 0;
    %pushi/vec4 1, 0, 1;
    %assign/vec4 v000001aa5c227610_0, 0;
T_4.39 ;
    %jmp T_4.14;
T_4.12 ;
    %pushi/vec4 0, 0, 1;
    %assign/vec4 v000001aa5c228dd0_0, 0;
    %load/vec4 v000001aa5c227e30_0;
    %addi 1, 0, 8;
    %assign/vec4 v000001aa5c227e30_0, 0;
    %load/vec4 v000001aa5c2280b0_0;
    %addi 1, 0, 20;
    %assign/vec4 v000001aa5c2280b0_0, 0;
    %load/vec4 v000001aa5c227e30_0;
    %pad/u 32;
    %cmpi/u 59, 0, 32;
    %flag_inv 5; GE is !LT
    %jmp/0xz  T_4.40, 5;
    %pushi/vec4 0, 0, 1;
    %assign/vec4 v000001aa5c227610_0, 0;
    %jmp T_4.41;
T_4.40 ;
    %load/vec4 v000001aa5c227e30_0;
    %cmpi/u 9, 0, 8;
    %flag_inv 5; GE is !LT
    %jmp/0xz  T_4.42, 5;
    %pushi/vec4 1, 0, 1;
    %assign/vec4 v000001aa5c227610_0, 0;
T_4.42 ;
T_4.41 ;
    %jmp T_4.14;
T_4.14 ;
    %pop/vec4 1;
T_4.1 ;
    %jmp T_4;
    .thread T_4;
    .scope S_000001aa5c1cef40;
T_5 ;
    %pushi/vec4 0, 0, 1;
    %store/vec4 v000001aa5c228bf0_0, 0, 1;
    %pushi/vec4 1, 0, 1;
    %store/vec4 v000001aa5c228c90_0, 0, 1;
    %pushi/vec4 0, 0, 1;
    %store/vec4 v000001aa5c2276b0_0, 0, 1;
    %pushi/vec4 0, 0, 1;
    %store/vec4 v000001aa5c228290_0, 0, 1;
    %pushi/vec4 0, 0, 1;
    %store/vec4 v000001aa5c228150_0, 0, 1;
    %pushi/vec4 0, 0, 1;
    %store/vec4 v000001aa5c228970_0, 0, 1;
    %pushi/vec4 3, 0, 8;
    %store/vec4 v000001aa5c228510_0, 0, 8;
    %pushi/vec4 12, 0, 16;
    %store/vec4 v000001aa5c227750_0, 0, 16;
    %pushi/vec4 0, 0, 2;
    %store/vec4 v000001aa5c2283d0_0, 0, 2;
    %pushi/vec4 1, 0, 1;
    %store/vec4 v000001aa5c228010_0, 0, 1;
    %pushi/vec4 0, 0, 2;
    %store/vec4 v000001aa5c228470_0, 0, 2;
    %pushi/vec4 0, 0, 1;
    %store/vec4 v000001aa5c228ab0_0, 0, 1;
    %end;
    .thread T_5;
    .scope S_000001aa5c1cef40;
T_6 ;
    %vpi_call 2 41 "$dumpfile", "./tb_TrgOutCtrl.vcd" {0 0 0};
    %vpi_call 2 42 "$dumpvars", 32'sb00000000000000000000000000000000, S_000001aa5c1cef40 {0 0 0};
    %delay 2000000000, 0;
    %vpi_call 2 43 "$finish" {0 0 0};
    %end;
    .thread T_6;
    .scope S_000001aa5c1cef40;
T_7 ;
T_7.0 ;
    %delay 10000, 0;
    %load/vec4 v000001aa5c228bf0_0;
    %inv;
    %store/vec4 v000001aa5c228bf0_0, 0, 1;
    %jmp T_7.0;
    %end;
    .thread T_7;
    .scope S_000001aa5c1cef40;
T_8 ;
    %delay 40000, 0;
    %pushi/vec4 0, 0, 1;
    %store/vec4 v000001aa5c228c90_0, 0, 1;
    %end;
    .thread T_8;
    .scope S_000001aa5c1cef40;
T_9 ;
    %pushi/vec4 3000, 0, 32;
T_9.0 %dup/vec4;
    %pushi/vec4 0, 0, 32;
    %cmp/s;
    %jmp/1xz T_9.1, 5;
    %jmp/1 T_9.1, 4;
    %pushi/vec4 1, 0, 32;
    %sub;
    %delay 221000000, 0;
    %pushi/vec4 1, 0, 1;
    %store/vec4 v000001aa5c2276b0_0, 0, 1;
    %delay 160000, 0;
    %pushi/vec4 0, 0, 1;
    %store/vec4 v000001aa5c2276b0_0, 0, 1;
    %jmp T_9.0;
T_9.1 ;
    %pop/vec4 1;
    %pushi/vec4 1, 0, 1;
    %store/vec4 v000001aa5c2276b0_0, 0, 1;
    %end;
    .thread T_9;
    .scope S_000001aa5c1cef40;
T_10 ;
    %pushi/vec4 3000, 0, 32;
T_10.0 %dup/vec4;
    %pushi/vec4 0, 0, 32;
    %cmp/s;
    %jmp/1xz T_10.1, 5;
    %jmp/1 T_10.1, 4;
    %pushi/vec4 1, 0, 32;
    %sub;
    %delay 210000000, 0;
    %pushi/vec4 1, 0, 1;
    %store/vec4 v000001aa5c228290_0, 0, 1;
    %delay 260000, 0;
    %pushi/vec4 0, 0, 1;
    %store/vec4 v000001aa5c228290_0, 0, 1;
    %jmp T_10.0;
T_10.1 ;
    %pop/vec4 1;
    %pushi/vec4 1, 0, 1;
    %store/vec4 v000001aa5c228290_0, 0, 1;
    %end;
    .thread T_10;
    .scope S_000001aa5c1cef40;
T_11 ;
    %pushi/vec4 3000, 0, 32;
T_11.0 %dup/vec4;
    %pushi/vec4 0, 0, 32;
    %cmp/s;
    %jmp/1xz T_11.1, 5;
    %jmp/1 T_11.1, 4;
    %pushi/vec4 1, 0, 32;
    %sub;
    %delay 309000000, 0;
    %pushi/vec4 1, 0, 1;
    %store/vec4 v000001aa5c228150_0, 0, 1;
    %delay 160000, 0;
    %pushi/vec4 0, 0, 1;
    %store/vec4 v000001aa5c228150_0, 0, 1;
    %jmp T_11.0;
T_11.1 ;
    %pop/vec4 1;
    %pushi/vec4 1, 0, 1;
    %store/vec4 v000001aa5c228150_0, 0, 1;
    %end;
    .thread T_11;
    .scope S_000001aa5c1cef40;
T_12 ;
    %pushi/vec4 3000, 0, 32;
T_12.0 %dup/vec4;
    %pushi/vec4 0, 0, 32;
    %cmp/s;
    %jmp/1xz T_12.1, 5;
    %jmp/1 T_12.1, 4;
    %pushi/vec4 1, 0, 32;
    %sub;
    %delay 209000000, 0;
    %pushi/vec4 1, 0, 1;
    %ix/load 4, 1, 0;
    %flag_set/imm 4, 0;
    %store/vec4 v000001aa5c2283d0_0, 4, 1;
    %delay 60000000, 0;
    %pushi/vec4 0, 0, 1;
    %ix/load 4, 1, 0;
    %flag_set/imm 4, 0;
    %store/vec4 v000001aa5c2283d0_0, 4, 1;
    %jmp T_12.0;
T_12.1 ;
    %pop/vec4 1;
    %pushi/vec4 1, 0, 1;
    %ix/load 4, 1, 0;
    %flag_set/imm 4, 0;
    %store/vec4 v000001aa5c2283d0_0, 4, 1;
    %end;
    .thread T_12;
    .scope S_000001aa5c1cef40;
T_13 ;
    %pushi/vec4 3000, 0, 32;
T_13.0 %dup/vec4;
    %pushi/vec4 0, 0, 32;
    %cmp/s;
    %jmp/1xz T_13.1, 5;
    %jmp/1 T_13.1, 4;
    %pushi/vec4 1, 0, 32;
    %sub;
    %delay 126000000, 0;
    %pushi/vec4 1, 0, 1;
    %ix/load 4, 0, 0;
    %flag_set/imm 4, 0;
    %store/vec4 v000001aa5c2283d0_0, 4, 1;
    %delay 60000000, 0;
    %pushi/vec4 0, 0, 1;
    %ix/load 4, 0, 0;
    %flag_set/imm 4, 0;
    %store/vec4 v000001aa5c2283d0_0, 4, 1;
    %jmp T_13.0;
T_13.1 ;
    %pop/vec4 1;
    %pushi/vec4 1, 0, 1;
    %ix/load 4, 0, 0;
    %flag_set/imm 4, 0;
    %store/vec4 v000001aa5c2283d0_0, 4, 1;
    %end;
    .thread T_13;
    .scope S_000001aa5c1cef40;
T_14 ;
    %pushi/vec4 3000, 0, 32;
T_14.0 %dup/vec4;
    %pushi/vec4 0, 0, 32;
    %cmp/s;
    %jmp/1xz T_14.1, 5;
    %jmp/1 T_14.1, 4;
    %pushi/vec4 1, 0, 32;
    %sub;
    %delay 240000000, 0;
    %pushi/vec4 1, 0, 1;
    %store/vec4 v000001aa5c228ab0_0, 0, 1;
    %delay 160000000, 0;
    %pushi/vec4 0, 0, 1;
    %store/vec4 v000001aa5c228ab0_0, 0, 1;
    %jmp T_14.0;
T_14.1 ;
    %pop/vec4 1;
    %pushi/vec4 1, 0, 1;
    %store/vec4 v000001aa5c228ab0_0, 0, 1;
    %end;
    .thread T_14;
    .scope S_000001aa5c1cef40;
T_15 ;
    %delay 59000000, 0;
    %pushi/vec4 1, 0, 1;
    %store/vec4 v000001aa5c228970_0, 0, 1;
    %end;
    .thread T_15;
    .scope S_000001aa5c1cef40;
T_16 ;
    %delay 202000000, 0;
    %pushi/vec4 0, 0, 16;
    %store/vec4 v000001aa5c227750_0, 0, 16;
    %delay 150000000, 0;
    %pushi/vec4 1, 0, 16;
    %store/vec4 v000001aa5c227750_0, 0, 16;
    %delay 150000000, 0;
    %pushi/vec4 2048, 0, 16;
    %store/vec4 v000001aa5c227750_0, 0, 16;
    %delay 150000000, 0;
    %pushi/vec4 4095, 0, 16;
    %store/vec4 v000001aa5c227750_0, 0, 16;
    %delay 150000000, 0;
    %pushi/vec4 4096, 0, 16;
    %store/vec4 v000001aa5c227750_0, 0, 16;
    %delay 150000000, 0;
    %pushi/vec4 4097, 0, 16;
    %store/vec4 v000001aa5c227750_0, 0, 16;
    %delay 150000000, 0;
    %pushi/vec4 4098, 0, 16;
    %store/vec4 v000001aa5c227750_0, 0, 16;
    %end;
    .thread T_16;
# The file index is used to find the file name in the following table.
:file_names 4;
    "N/A";
    "<interactive>";
    "./tb_TrgOutCtrl.v";
    "./TrgOutCtrl.v";
